TN:
SF:babel.config.js
FNF:0
FNH:0
DA:1,0
LF:1
LH:0
BRF:0
BRH:0
end_of_record
TN:
SF:vue.config.js
FN:2,(anonymous_0)
FN:7,(anonymous_1)
FNF:2
FNH:0
FNDA:0,(anonymous_0)
FNDA:0,(anonymous_1)
DA:1,0
DA:3,0
DA:8,0
DA:20,0
LF:4
LH:0
BRF:0
BRH:0
end_of_record
TN:
SF:coverage\lcov-report\block-navigation.js
FN:2,init
FN:24,toggleClass
FN:31,makeCurrent
FN:41,goToPrevious
FN:52,goToNext
FN:65,jump
FNF:6
FNH:0
FNDA:0,init
FNDA:0,toggleClass
FNDA:0,makeCurrent
FNDA:0,goToPrevious
FNDA:0,goToNext
FNDA:0,jump
DA:2,0
DA:4,0
DA:7,0
DA:10,0
DA:14,0
DA:20,0
DA:25,0
DA:28,0
DA:32,0
DA:33,0
DA:34,0
DA:42,0
DA:43,0
DA:44,0
DA:45,0
DA:46,0
DA:49,0
DA:53,0
DA:55,0
DA:59,0
DA:62,0
DA:65,0
DA:66,0
DA:69,0
DA:70,0
DA:74,0
DA:75,0
DA:79,0
LF:28
LH:0
BRDA:43,0,0,0
BRDA:43,0,1,0
BRDA:43,1,0,0
BRDA:43,1,1,0
BRDA:45,2,0,0
BRDA:45,2,1,0
BRDA:55,3,0,0
BRDA:55,3,1,0
BRDA:56,4,0,0
BRDA:56,4,1,0
BRDA:66,5,0,0
BRDA:66,5,1,0
BRDA:66,5,2,0
BRDA:66,5,3,0
BRDA:66,5,4,0
BRF:15
BRH:0
end_of_record
TN:
SF:coverage\lcov-report\prettify.js
FN:2,(anonymous_0)
FN:2,k
FN:2,ab
FN:2,T
FN:2,X
FN:2,(anonymous_5)
FN:2,W
FN:2,(anonymous_7)
FN:2,a
FN:2,aa
FN:2,B
FN:2,o
FN:2,g
FN:2,(anonymous_13)
FN:2,(anonymous_14)
FN:2,i
FN:2,Q
FN:2,ae
FN:2,ad
FN:2,ai
FN:2,D
FN:2,c
FN:2,q
FN:2,d
FN:2,y
FN:2,b
FN:2,Y
FN:2,(anonymous_27)
FN:2,U
FNF:29
FNH:0
FNDA:0,(anonymous_0)
FNDA:0,k
FNDA:0,ab
FNDA:0,T
FNDA:0,X
FNDA:0,(anonymous_5)
FNDA:0,W
FNDA:0,(anonymous_7)
FNDA:0,a
FNDA:0,aa
FNDA:0,B
FNDA:0,o
FNDA:0,g
FNDA:0,(anonymous_13)
FNDA:0,(anonymous_14)
FNDA:0,i
FNDA:0,Q
FNDA:0,ae
FNDA:0,ad
FNDA:0,ai
FNDA:0,D
FNDA:0,c
FNDA:0,q
FNDA:0,d
FNDA:0,y
FNDA:0,b
FNDA:0,Y
FNDA:0,(anonymous_27)
FNDA:0,U
DA:2,0
LF:1
LH:0
BRDA:2,0,0,0
BRDA:2,0,1,0
BRDA:2,1,0,0
BRDA:2,1,1,0
BRDA:2,2,0,0
BRDA:2,2,1,0
BRDA:2,3,0,0
BRDA:2,3,1,0
BRDA:2,4,0,0
BRDA:2,4,1,0
BRDA:2,5,0,0
BRDA:2,5,1,0
BRDA:2,6,0,0
BRDA:2,6,1,0
BRDA:2,7,0,0
BRDA:2,7,1,0
BRDA:2,8,0,0
BRDA:2,8,1,0
BRDA:2,9,0,0
BRDA:2,9,1,0
BRDA:2,10,0,0
BRDA:2,10,1,0
BRDA:2,11,0,0
BRDA:2,11,1,0
BRDA:2,11,2,0
BRDA:2,11,3,0
BRDA:2,12,0,0
BRDA:2,12,1,0
BRDA:2,13,0,0
BRDA:2,13,1,0
BRDA:2,14,0,0
BRDA:2,14,1,0
BRDA:2,15,0,0
BRDA:2,15,1,0
BRDA:2,16,0,0
BRDA:2,16,1,0
BRDA:2,17,0,0
BRDA:2,17,1,0
BRDA:2,18,0,0
BRDA:2,18,1,0
BRDA:2,19,0,0
BRDA:2,19,1,0
BRDA:2,20,0,0
BRDA:2,20,1,0
BRDA:2,21,0,0
BRDA:2,21,1,0
BRDA:2,22,0,0
BRDA:2,22,1,0
BRDA:2,23,0,0
BRDA:2,23,1,0
BRDA:2,24,0,0
BRDA:2,24,1,0
BRDA:2,25,0,0
BRDA:2,25,1,0
BRDA:2,26,0,0
BRDA:2,26,1,0
BRDA:2,27,0,0
BRDA:2,27,1,0
BRDA:2,28,0,0
BRDA:2,28,1,0
BRDA:2,29,0,0
BRDA:2,29,1,0
BRDA:2,30,0,0
BRDA:2,30,1,0
BRDA:2,31,0,0
BRDA:2,31,1,0
BRDA:2,32,0,0
BRDA:2,32,1,0
BRDA:2,33,0,0
BRDA:2,33,1,0
BRDA:2,34,0,0
BRDA:2,34,1,0
BRDA:2,35,0,0
BRDA:2,35,1,0
BRDA:2,36,0,0
BRDA:2,36,1,0
BRDA:2,37,0,0
BRDA:2,37,1,0
BRDA:2,38,0,0
BRDA:2,38,1,0
BRDA:2,39,0,0
BRDA:2,39,1,0
BRDA:2,40,0,0
BRDA:2,40,1,0
BRDA:2,41,0,0
BRDA:2,41,1,0
BRDA:2,42,0,0
BRDA:2,42,1,0
BRDA:2,43,0,0
BRDA:2,43,1,0
BRDA:2,44,0,0
BRDA:2,44,1,0
BRDA:2,45,0,0
BRDA:2,45,1,0
BRDA:2,46,0,0
BRDA:2,46,1,0
BRDA:2,47,0,0
BRDA:2,47,1,0
BRDA:2,48,0,0
BRDA:2,48,1,0
BRDA:2,49,0,0
BRDA:2,49,1,0
BRDA:2,50,0,0
BRDA:2,50,1,0
BRDA:2,50,2,0
BRDA:2,51,0,0
BRDA:2,51,1,0
BRDA:2,52,0,0
BRDA:2,52,1,0
BRDA:2,53,0,0
BRDA:2,53,1,0
BRDA:2,54,0,0
BRDA:2,54,1,0
BRDA:2,55,0,0
BRDA:2,55,1,0
BRDA:2,56,0,0
BRDA:2,56,1,0
BRDA:2,57,0,0
BRDA:2,57,1,0
BRDA:2,58,0,0
BRDA:2,58,1,0
BRDA:2,59,0,0
BRDA:2,59,1,0
BRDA:2,60,0,0
BRDA:2,60,1,0
BRDA:2,61,0,0
BRDA:2,61,1,0
BRDA:2,62,0,0
BRDA:2,62,1,0
BRDA:2,63,0,0
BRDA:2,63,1,0
BRDA:2,64,0,0
BRDA:2,64,1,0
BRDA:2,65,0,0
BRDA:2,65,1,0
BRDA:2,66,0,0
BRDA:2,66,1,0
BRDA:2,67,0,0
BRDA:2,67,1,0
BRDA:2,68,0,0
BRDA:2,68,1,0
BRDA:2,69,0,0
BRDA:2,69,1,0
BRDA:2,70,0,0
BRDA:2,70,1,0
BRDA:2,71,0,0
BRDA:2,71,1,0
BRDA:2,72,0,0
BRDA:2,72,1,0
BRDA:2,73,0,0
BRDA:2,73,1,0
BRDA:2,74,0,0
BRDA:2,74,1,0
BRDA:2,75,0,0
BRDA:2,75,1,0
BRDA:2,76,0,0
BRDA:2,76,1,0
BRDA:2,77,0,0
BRDA:2,77,1,0
BRDA:2,78,0,0
BRDA:2,78,1,0
BRDA:2,79,0,0
BRDA:2,79,1,0
BRDA:2,80,0,0
BRDA:2,80,1,0
BRDA:2,81,0,0
BRDA:2,81,1,0
BRDA:2,82,0,0
BRDA:2,82,1,0
BRDA:2,83,0,0
BRDA:2,83,1,0
BRDA:2,84,0,0
BRDA:2,84,1,0
BRDA:2,85,0,0
BRDA:2,85,1,0
BRDA:2,86,0,0
BRDA:2,86,1,0
BRDA:2,87,0,0
BRDA:2,87,1,0
BRDA:2,88,0,0
BRDA:2,88,1,0
BRDA:2,89,0,0
BRDA:2,89,1,0
BRDA:2,89,2,0
BRDA:2,90,0,0
BRDA:2,90,1,0
BRDA:2,91,0,0
BRDA:2,91,1,0
BRDA:2,92,0,0
BRDA:2,92,1,0
BRDA:2,93,0,0
BRDA:2,93,1,0
BRDA:2,94,0,0
BRDA:2,94,1,0
BRDA:2,95,0,0
BRDA:2,95,1,0
BRDA:2,96,0,0
BRDA:2,96,1,0
BRDA:2,97,0,0
BRDA:2,97,1,0
BRDA:2,98,0,0
BRDA:2,98,1,0
BRDA:2,99,0,0
BRDA:2,99,1,0
BRDA:2,100,0,0
BRDA:2,100,1,0
BRDA:2,101,0,0
BRDA:2,101,1,0
BRDA:2,102,0,0
BRDA:2,102,1,0
BRDA:2,103,0,0
BRDA:2,103,1,0
BRDA:2,104,0,0
BRDA:2,104,1,0
BRDA:2,105,0,0
BRDA:2,105,1,0
BRDA:2,106,0,0
BRDA:2,106,1,0
BRDA:2,107,0,0
BRDA:2,107,1,0
BRDA:2,108,0,0
BRDA:2,108,1,0
BRDA:2,109,0,0
BRDA:2,109,1,0
BRDA:2,110,0,0
BRDA:2,110,1,0
BRDA:2,111,0,0
BRDA:2,111,1,0
BRDA:2,112,0,0
BRDA:2,112,1,0
BRDA:2,113,0,0
BRDA:2,113,1,0
BRDA:2,114,0,0
BRDA:2,114,1,0
BRDA:2,115,0,0
BRDA:2,115,1,0
BRDA:2,116,0,0
BRDA:2,116,1,0
BRDA:2,117,0,0
BRDA:2,117,1,0
BRDA:2,118,0,0
BRDA:2,118,1,0
BRDA:2,119,0,0
BRDA:2,119,1,0
BRDA:2,120,0,0
BRDA:2,120,1,0
BRDA:2,121,0,0
BRDA:2,121,1,0
BRDA:2,122,0,0
BRDA:2,122,1,0
BRDA:2,123,0,0
BRDA:2,123,1,0
BRDA:2,124,0,0
BRDA:2,124,1,0
BRDA:2,125,0,0
BRDA:2,125,1,0
BRDA:2,126,0,0
BRDA:2,126,1,0
BRDA:2,127,0,0
BRDA:2,127,1,0
BRDA:2,128,0,0
BRDA:2,128,1,0
BRDA:2,128,2,0
BRDA:2,129,0,0
BRDA:2,129,1,0
BRDA:2,130,0,0
BRDA:2,130,1,0
BRDA:2,131,0,0
BRDA:2,131,1,0
BRDA:2,131,2,0
BRDA:2,131,3,0
BRDA:2,131,4,0
BRDA:2,132,0,0
BRDA:2,132,1,0
BRDA:2,133,0,0
BRDA:2,133,1,0
BRDA:2,134,0,0
BRDA:2,134,1,0
BRDA:2,135,0,0
BRDA:2,135,1,0
BRDA:2,136,0,0
BRDA:2,136,1,0
BRDA:2,137,0,0
BRDA:2,137,1,0
BRDA:2,138,0,0
BRDA:2,138,1,0
BRF:286
BRH:0
end_of_record
TN:
SF:coverage\lcov-report\sorter.js
FN:2,(anonymous_0)
FN:11,getTable
FN:15,getTableHeader
FN:19,getTableBody
FN:23,getNthColumn
FN:28,loadColumns
FN:53,loadRowData
FN:72,loadData
FN:81,sortByIndex
FN:83,(anonymous_9)
FN:95,(anonymous_10)
FN:112,removeSortIndicators
FN:120,addSortIndicators
FN:126,enableUI
FN:129,ithSorter
FN:132,(anonymous_15)
FN:159,(anonymous_16)
FNF:17
FNH:0
FNDA:0,(anonymous_0)
FNDA:0,getTable
FNDA:0,getTableHeader
FNDA:0,getTableBody
FNDA:0,getNthColumn
FNDA:0,loadColumns
FNDA:0,loadRowData
FNDA:0,loadData
FNDA:0,sortByIndex
FNDA:0,(anonymous_9)
FNDA:0,(anonymous_10)
FNDA:0,removeSortIndicators
FNDA:0,addSortIndicators
FNDA:0,enableUI
FNDA:0,ithSorter
FNDA:0,(anonymous_15)
FNDA:0,(anonymous_16)
DA:2,0
DA:5,0
DA:12,0
DA:16,0
DA:20,0
DA:24,0
DA:29,0
DA:31,0
DA:35,0
DA:36,0
DA:37,0
DA:42,0
DA:43,0
DA:44,0
DA:45,0
DA:49,0
DA:54,0
DA:57,0
DA:60,0
DA:61,0
DA:62,0
DA:63,0
DA:64,0
DA:65,0
DA:67,0
DA:69,0
DA:73,0
DA:76,0
DA:77,0
DA:82,0
DA:83,0
DA:84,0
DA:85,0
DA:86,0
DA:88,0
DA:89,0
DA:90,0
DA:91,0
DA:94,0
DA:95,0
DA:96,0
DA:100,0
DA:101,0
DA:102,0
DA:105,0
DA:107,0
DA:108,0
DA:113,0
DA:114,0
DA:116,0
DA:117,0
DA:121,0
DA:129,0
DA:130,0
DA:132,0
DA:133,0
DA:135,0
DA:136,0
DA:138,0
DA:139,0
DA:140,0
DA:141,0
DA:142,0
DA:145,0
DA:146,0
DA:149,0
DA:150,0
DA:151,0
DA:153,0
DA:159,0
DA:160,0
DA:161,0
DA:163,0
DA:164,0
DA:165,0
DA:166,0
DA:170,0
LF:77
LH:0
BRDA:40,0,0,0
BRDA:40,0,1,0
BRDA:43,1,0,0
BRDA:43,1,1,0
BRDA:64,2,0,0
BRDA:64,2,1,0
BRDA:86,3,0,0
BRDA:86,3,1,0
BRDA:86,4,0,0
BRDA:86,4,1,0
BRDA:94,5,0,0
BRDA:94,5,1,0
BRDA:121,6,0,0
BRDA:121,6,1,0
BRDA:135,7,0,0
BRDA:135,7,1,0
BRDA:146,8,0,0
BRDA:146,8,1,0
BRDA:150,9,0,0
BRDA:150,9,1,0
BRDA:160,10,0,0
BRDA:160,10,1,0
BRF:22
BRH:0
end_of_record
TN:
SF:dist\js\chunk-vendors.4763c612.js
FN:1,(anonymous_0)
FN:1,(anonymous_1)
FN:1,(anonymous_2)
FN:1,(anonymous_3)
FN:1,(anonymous_4)
FN:1,(anonymous_5)
FN:1,(anonymous_6)
FN:1,(anonymous_7)
FN:1,(anonymous_8)
FN:1,(anonymous_9)
FN:1,(anonymous_10)
FN:1,(anonymous_11)
FN:1,(anonymous_12)
FN:1,l
FN:1,(anonymous_14)
FN:1,(anonymous_15)
FN:1,(anonymous_16)
FN:1,(anonymous_17)
FN:1,(anonymous_18)
FN:1,(anonymous_19)
FN:1,(anonymous_20)
FN:1,(anonymous_21)
FN:1,(anonymous_22)
FN:1,(anonymous_23)
FN:1,(anonymous_24)
FN:1,(anonymous_25)
FN:1,(anonymous_26)
FN:1,(anonymous_27)
FN:1,(anonymous_28)
FN:1,(anonymous_29)
FN:1,(anonymous_30)
FN:1,(anonymous_31)
FN:1,(anonymous_32)
FN:1,(anonymous_33)
FN:1,(anonymous_34)
FN:1,(anonymous_35)
FN:1,(anonymous_36)
FN:1,(anonymous_37)
FN:1,(anonymous_38)
FN:1,(anonymous_39)
FN:1,(anonymous_40)
FN:1,(anonymous_41)
FN:1,(anonymous_42)
FN:1,(anonymous_43)
FN:1,(anonymous_44)
FN:1,(anonymous_45)
FN:1,(anonymous_46)
FN:1,(anonymous_47)
FN:1,(anonymous_48)
FN:1,(anonymous_49)
FN:1,(anonymous_50)
FN:1,(anonymous_51)
FN:1,(anonymous_52)
FN:1,(anonymous_53)
FN:1,(anonymous_54)
FN:1,(anonymous_55)
FN:1,(anonymous_56)
FN:1,(anonymous_57)
FN:1,(anonymous_58)
FN:1,(anonymous_59)
FN:1,(anonymous_60)
FN:1,(anonymous_61)
FN:1,(anonymous_62)
FN:1,(anonymous_63)
FN:1,(anonymous_64)
FN:1,(anonymous_65)
FN:1,(anonymous_66)
FN:1,(anonymous_67)
FN:1,(anonymous_68)
FN:1,(anonymous_69)
FN:1,(anonymous_70)
FN:1,(anonymous_71)
FN:1,(anonymous_72)
FN:1,(anonymous_73)
FN:1,(anonymous_74)
FN:1,(anonymous_75)
FN:1,(anonymous_76)
FN:1,(anonymous_77)
FN:1,(anonymous_78)
FN:1,(anonymous_79)
FN:1,(anonymous_80)
FN:1,(anonymous_81)
FN:1,(anonymous_82)
FN:1,(anonymous_83)
FN:1,(anonymous_84)
FN:1,(anonymous_85)
FN:1,a
FN:1,s
FN:1,(anonymous_88)
FN:1,(anonymous_89)
FN:1,(anonymous_90)
FN:1,(anonymous_91)
FN:1,(anonymous_92)
FN:1,(anonymous_93)
FN:1,(anonymous_94)
FN:1,(anonymous_95)
FN:1,(anonymous_96)
FN:1,(anonymous_97)
FN:1,(anonymous_98)
FN:1,(anonymous_99)
FN:1,(anonymous_100)
FN:1,(anonymous_101)
FN:1,(anonymous_102)
FN:1,(anonymous_103)
FN:1,(anonymous_104)
FN:1,(anonymous_105)
FN:1,r
FN:1,(anonymous_107)
FN:1,(anonymous_108)
FN:1,(anonymous_109)
FN:1,(anonymous_110)
FN:1,(anonymous_111)
FN:1,(anonymous_112)
FN:7,r
FN:7,i
FN:7,o
FN:7,a
FN:7,s
FN:7,l
FN:7,u
FN:7,f
FN:7,d
FN:7,p
FN:7,h
FN:7,v
FN:7,b
FN:7,(anonymous_126)
FN:7,(anonymous_127)
FN:7,m
FN:7,w
FN:7,O
FN:7,(anonymous_131)
FN:7,(anonymous_132)
FN:7,(anonymous_133)
FN:7,(anonymous_134)
FN:7,(anonymous_135)
FN:7,C
FN:7,n
FN:7,j
FN:7,B
FN:7,$
FN:7,E
FN:7,A
FN:7,(anonymous_143)
FN:7,(anonymous_144)
FN:7,F
FN:7,(anonymous_146)
FN:7,(anonymous_147)
FN:7,N
FN:7,R
FN:7,(anonymous_150)
FN:7,G
FN:7,U
FN:7,q
FN:7,(anonymous_154)
FN:7,(anonymous_155)
FN:7,(anonymous_156)
FN:7,ut
FN:7,(anonymous_158)
FN:7,t
FN:7,(anonymous_160)
FN:7,(anonymous_161)
FN:7,(anonymous_162)
FN:7,(anonymous_163)
FN:7,(anonymous_164)
FN:7,(anonymous_165)
FN:7,(anonymous_166)
FN:7,(anonymous_167)
FN:7,gt
FN:7,mt
FN:7,(anonymous_170)
FN:7,(anonymous_171)
FN:7,(anonymous_172)
FN:7,St
FN:7,xt
FN:7,(anonymous_175)
FN:7,(anonymous_176)
FN:7,kt
FN:7,(anonymous_178)
FN:7,$t
FN:7,Et
FN:7,At
FN:7,Dt
FN:7,(anonymous_183)
FN:7,(anonymous_184)
FN:7,It
FN:7,Ft
FN:7,Nt
FN:7,(anonymous_188)
FN:7,(anonymous_189)
FN:7,Lt
FN:7,Vt
FN:7,(anonymous_192)
FN:7,(anonymous_193)
FN:7,Mt
FN:7,Ht
FN:7,zt
FN:7,(anonymous_197)
FN:7,(anonymous_198)
FN:7,(anonymous_199)
FN:7,(anonymous_200)
FN:7,(anonymous_201)
FN:7,(anonymous_202)
FN:7,Ut
FN:7,Wt
FN:7,qt
FN:7,Kt
FN:7,s
FN:7,Xt
FN:7,Yt
FN:7,Jt
FN:7,Zt
FN:7,Qt
FN:7,te
FN:7,ee
FN:7,ne
FN:7,(anonymous_216)
FN:7,re
FN:7,ie
FN:7,ce
FN:7,(anonymous_220)
FN:7,(anonymous_221)
FN:7,(anonymous_222)
FN:7,(anonymous_223)
FN:7,he
FN:7,(anonymous_225)
FN:7,(anonymous_226)
FN:7,be
FN:7,ge
FN:7,(anonymous_229)
FN:7,ye
FN:7,n
FN:7,we
FN:7,Oe
FN:7,l
FN:7,Se
FN:7,xe
FN:7,Te
FN:7,Pe
FN:7,_e
FN:7,Ce
FN:7,je
FN:7,ke
FN:7,(anonymous_243)
FN:7,Be
FN:7,$e
FN:7,Ee
FN:7,Ae
FN:7,De
FN:7,(anonymous_249)
FN:7,Ie
FN:7,(anonymous_251)
FN:7,Fe
FN:7,Ne
FN:7,Re
FN:7,Le
FN:7,Ve
FN:7,Me
FN:7,(anonymous_258)
FN:7,(anonymous_259)
FN:7,He
FN:7,ze
FN:7,Ge
FN:7,Ue
FN:7,We
FN:7,qe
FN:7,Ke
FN:7,Xe
FN:7,Ye
FN:7,Je
FN:7,(anonymous_270)
FN:7,(anonymous_271)
FN:7,(anonymous_272)
FN:7,(anonymous_273)
FN:7,Ze
FN:7,Qe
FN:7,tn
FN:7,(anonymous_277)
FN:7,(anonymous_278)
FN:7,(anonymous_279)
FN:7,(anonymous_280)
FN:7,rn
FN:7,on
FN:7,an
FN:7,sn
FN:7,(anonymous_285)
FN:7,ln
FN:7,fn
FN:7,dn
FN:7,pn
FN:7,hn
FN:7,vn
FN:7,(anonymous_292)
FN:7,(anonymous_293)
FN:7,mn
FN:7,(anonymous_295)
FN:7,(anonymous_296)
FN:7,yn
FN:7,wn
FN:7,On
FN:7,(anonymous_300)
FN:7,(anonymous_301)
FN:7,(anonymous_302)
FN:7,(anonymous_303)
FN:7,(anonymous_304)
FN:7,(anonymous_305)
FN:7,Sn
FN:7,xn
FN:7,Tn
FN:7,Pn
FN:7,_n
FN:7,Cn
FN:7,r
FN:7,jn
FN:7,kn
FN:7,(anonymous_315)
FN:7,(anonymous_316)
FN:7,r
FN:7,(anonymous_318)
FN:7,(anonymous_319)
FN:7,$n
FN:7,(anonymous_321)
FN:7,En
FN:7,An
FN:7,(anonymous_324)
FN:7,(anonymous_325)
FN:7,(anonymous_326)
FN:7,Dn
FN:7,(anonymous_328)
FN:7,(anonymous_329)
FN:7,In
FN:7,Fn
FN:7,Nn
FN:7,Rn
FN:7,Ln
FN:7,Wn
FN:7,(anonymous_336)
FN:7,Yn
FN:7,(anonymous_338)
FN:7,Jn
FN:7,Zn
FN:7,Qn
FN:7,tr
FN:7,(anonymous_343)
FN:7,(anonymous_344)
FN:7,(anonymous_345)
FN:7,(anonymous_346)
FN:7,(anonymous_347)
FN:7,(anonymous_348)
FN:7,(anonymous_349)
FN:7,(anonymous_350)
FN:7,(anonymous_351)
FN:7,ir
FN:7,(anonymous_353)
FN:7,(anonymous_354)
FN:7,or
FN:7,ar
FN:7,(anonymous_357)
FN:7,sr
FN:7,lr
FN:7,ur
FN:7,fr
FN:7,dr
FN:7,(anonymous_363)
FN:7,pr
FN:7,(anonymous_365)
FN:7,hr
FN:7,vr
FN:7,br
FN:7,gr
FN:7,(anonymous_370)
FN:7,(anonymous_371)
FN:7,(anonymous_372)
FN:7,(anonymous_373)
FN:7,yr
FN:7,(anonymous_375)
FN:7,wr
FN:7,Or
FN:7,Sr
FN:7,xr
FN:7,Tr
FN:7,(anonymous_381)
FN:7,Pr
FN:7,(anonymous_383)
FN:7,_r
FN:7,(anonymous_385)
FN:7,(anonymous_386)
FN:7,(anonymous_387)
FN:7,Cr
FN:7,jr
FN:7,kr
FN:7,(anonymous_391)
FN:7,(anonymous_392)
FN:7,Br
FN:7,$r
FN:7,Er
FN:7,Ar
FN:7,(anonymous_397)
FN:7,(anonymous_398)
FN:7,(anonymous_399)
FN:7,(anonymous_400)
FN:7,(anonymous_401)
FN:7,(anonymous_402)
FN:7,(anonymous_403)
FN:7,(anonymous_404)
FN:7,Nr
FN:7,(anonymous_406)
FN:7,(anonymous_407)
FN:7,(anonymous_408)
FN:7,(anonymous_409)
FN:7,(anonymous_410)
FN:7,(anonymous_411)
FN:7,(anonymous_412)
FN:7,(anonymous_413)
FN:7,(anonymous_414)
FN:7,Xr
FN:7,Yr
FN:7,Jr
FN:7,Zr
FN:7,Qr
FN:7,ti
FN:7,ei
FN:7,(anonymous_422)
FN:7,ai
FN:7,li
FN:7,ui
FN:7,fi
FN:7,di
FN:7,pi
FN:7,hi
FN:7,vi
FN:7,bi
FN:7,gi
FN:7,mi
FN:7,yi
FN:7,wi
FN:7,Oi
FN:7,Si
FN:7,(anonymous_438)
FN:7,(anonymous_439)
FN:7,(anonymous_440)
FN:7,Pi
FN:7,ji
FN:7,ki
FN:7,Bi
FN:7,$i
FN:7,u
FN:7,f
FN:7,n
FN:7,d
FN:7,p
FN:7,h
FN:7,v
FN:7,g
FN:7,m
FN:7,y
FN:7,w
FN:7,O
FN:7,S
FN:7,x
FN:7,T
FN:7,P
FN:7,_
FN:7,C
FN:7,j
FN:7,k
FN:7,B
FN:7,E
FN:7,(anonymous_468)
FN:7,(anonymous_469)
FN:7,Ai
FN:7,Di
FN:7,(anonymous_472)
FN:7,(anonymous_473)
FN:7,Fi
FN:7,Ni
FN:7,Ri
FN:7,Vi
FN:7,Mi
FN:7,Hi
FN:7,(anonymous_480)
FN:7,Gi
FN:7,Xi
FN:7,Yi
FN:7,i
FN:7,Zi
FN:7,(anonymous_486)
FN:7,Qi
FN:7,to
FN:7,ro
FN:7,io
FN:7,oo
FN:7,ao
FN:7,(anonymous_493)
FN:7,(anonymous_494)
FN:7,co
FN:7,uo
FN:7,fo
FN:7,(anonymous_498)
FN:7,(anonymous_499)
FN:7,yo
FN:7,So
FN:7,(anonymous_502)
FN:7,xo
FN:7,(anonymous_504)
FN:7,To
FN:7,(anonymous_506)
FN:7,(anonymous_507)
FN:7,Do
FN:7,(anonymous_509)
FN:7,Io
FN:7,Fo
FN:7,No
FN:7,(anonymous_513)
FN:7,(anonymous_514)
FN:7,(anonymous_515)
FN:7,Lo
FN:7,Vo
FN:7,(anonymous_518)
FN:7,Mo
FN:7,Ho
FN:7,(anonymous_521)
FN:7,(anonymous_522)
FN:7,(anonymous_523)
FN:7,zo
FN:7,(anonymous_525)
FN:7,x
FN:7,(anonymous_527)
FN:7,Go
FN:7,Uo
FN:7,Wo
FN:7,(anonymous_531)
FN:7,(anonymous_532)
FN:7,(anonymous_533)
FN:7,(anonymous_534)
FN:7,(anonymous_535)
FN:7,(anonymous_536)
FN:7,(anonymous_537)
FN:7,Zo
FN:7,(anonymous_539)
FN:7,Qo
FN:7,ta
FN:7,(anonymous_542)
FN:7,ea
FN:7,na
FN:7,ra
FN:7,ia
FN:7,oa
FN:7,(anonymous_548)
FN:7,(anonymous_549)
FN:7,(anonymous_550)
FN:7,(anonymous_551)
FN:7,(anonymous_552)
FN:7,(anonymous_553)
FN:7,ca
FN:7,ua
FN:7,fa
FN:7,da
FN:7,pa
FN:7,(anonymous_559)
FN:7,(anonymous_560)
FN:7,(anonymous_561)
FN:7,(anonymous_562)
FN:7,(anonymous_563)
FN:7,(anonymous_564)
FN:7,(anonymous_565)
FN:7,(anonymous_566)
FN:7,(anonymous_567)
FN:7,(anonymous_568)
FN:7,(anonymous_569)
FN:7,t
FN:7,(anonymous_571)
FN:7,(anonymous_572)
FN:7,ya
FN:7,wa
FN:7,Oa
FN:7,(anonymous_576)
FN:7,(anonymous_577)
FN:7,(anonymous_578)
FN:17,r
FN:17,o
FN:17,(anonymous_581)
FN:17,(anonymous_582)
FN:17,a
FN:17,s
FN:17,l
FN:17,c
FN:17,f
FN:17,d
FN:17,(anonymous_589)
FN:17,p
FN:17,(anonymous_591)
FN:17,(anonymous_592)
FN:17,(anonymous_593)
FN:17,h
FN:17,(anonymous_595)
FN:17,(anonymous_596)
FN:17,(anonymous_597)
FN:17,(anonymous_598)
FN:17,(anonymous_599)
FN:17,(anonymous_600)
FN:17,(anonymous_601)
FN:17,(anonymous_602)
FN:17,(anonymous_603)
FN:17,(anonymous_604)
FN:17,(anonymous_605)
FN:17,(anonymous_606)
FN:17,(anonymous_607)
FN:17,(anonymous_608)
FN:17,(anonymous_609)
FN:17,(anonymous_610)
FN:17,(anonymous_611)
FN:17,(anonymous_612)
FN:17,(anonymous_613)
FN:17,(anonymous_614)
FN:17,(anonymous_615)
FN:17,(anonymous_616)
FN:17,(anonymous_617)
FN:17,(anonymous_618)
FN:17,(anonymous_619)
FN:17,(anonymous_620)
FN:17,(anonymous_621)
FN:17,(anonymous_622)
FN:17,(anonymous_623)
FN:17,(anonymous_624)
FN:17,(anonymous_625)
FN:17,(anonymous_626)
FN:17,(anonymous_627)
FN:17,(anonymous_628)
FN:17,(anonymous_629)
FN:17,(anonymous_630)
FN:17,(anonymous_631)
FN:17,(anonymous_632)
FN:17,(anonymous_633)
FN:17,(anonymous_634)
FN:17,(anonymous_635)
FN:17,(anonymous_636)
FN:17,(anonymous_637)
FN:17,(anonymous_638)
FN:17,(anonymous_639)
FN:17,(anonymous_640)
FN:17,(anonymous_641)
FN:17,(anonymous_642)
FN:17,C
FN:17,(anonymous_644)
FN:17,(anonymous_645)
FN:17,(anonymous_646)
FN:17,(anonymous_647)
FN:17,(anonymous_648)
FN:17,(anonymous_649)
FN:17,(anonymous_650)
FN:17,(anonymous_651)
FN:17,(anonymous_652)
FN:17,(anonymous_653)
FN:17,(anonymous_654)
FN:17,(anonymous_655)
FN:17,(anonymous_656)
FN:17,(anonymous_657)
FN:17,(anonymous_658)
FN:17,(anonymous_659)
FN:17,(anonymous_660)
FN:17,(anonymous_661)
FN:17,(anonymous_662)
FN:17,(anonymous_663)
FN:17,(anonymous_664)
FN:17,(anonymous_665)
FN:17,(anonymous_666)
FN:17,(anonymous_667)
FN:17,(anonymous_668)
FN:17,(anonymous_669)
FN:17,(anonymous_670)
FN:17,(anonymous_671)
FN:17,(anonymous_672)
FN:17,(anonymous_673)
FN:17,(anonymous_674)
FN:17,(anonymous_675)
FN:17,(anonymous_676)
FN:23,r
FN:23,(anonymous_678)
FN:23,r
FN:23,(anonymous_680)
FN:23,a
FN:23,(anonymous_682)
FN:23,(anonymous_683)
FN:23,s
FN:23,(anonymous_685)
FN:23,l
FN:23,c
FN:23,u
FN:23,(anonymous_689)
FN:23,(anonymous_690)
FN:23,(anonymous_691)
FN:23,(anonymous_692)
FN:23,(anonymous_693)
FN:23,(anonymous_694)
FN:23,(anonymous_695)
FN:23,(anonymous_696)
FN:23,(anonymous_697)
FN:23,(anonymous_698)
FN:23,(anonymous_699)
FN:23,(anonymous_700)
FN:23,h
FN:23,(anonymous_702)
FN:23,(anonymous_703)
FN:23,(anonymous_704)
FN:23,(anonymous_705)
FN:23,(anonymous_706)
FN:23,(anonymous_707)
FN:23,(anonymous_708)
FN:23,(anonymous_709)
FN:23,(anonymous_710)
FN:23,(anonymous_711)
FN:23,(anonymous_712)
FN:23,(anonymous_713)
FN:23,m
FN:23,(anonymous_715)
FN:23,y
FN:23,w
FN:23,(anonymous_718)
FN:23,(anonymous_719)
FN:23,(anonymous_720)
FN:23,(anonymous_721)
FN:23,O
FN:23,(anonymous_723)
FN:23,(anonymous_724)
FN:23,(anonymous_725)
FN:23,(anonymous_726)
FN:23,(anonymous_727)
FN:23,S
FN:23,(anonymous_729)
FN:23,(anonymous_730)
FN:23,(anonymous_731)
FN:23,(anonymous_732)
FN:23,(anonymous_733)
FN:23,x
FN:23,(anonymous_735)
FN:23,(anonymous_736)
FN:23,T
FN:23,(anonymous_738)
FN:23,P
FN:23,(anonymous_740)
FN:23,(anonymous_741)
FN:23,_
FN:23,(anonymous_743)
FN:23,C
FN:23,(anonymous_745)
FN:23,(anonymous_746)
FN:23,j
FN:23,(anonymous_748)
FN:23,k
FN:23,B
FN:23,(anonymous_751)
FN:23,(anonymous_752)
FN:23,(anonymous_753)
FN:23,(anonymous_754)
FN:23,(anonymous_755)
FN:23,(anonymous_756)
FN:23,(anonymous_757)
FN:23,(anonymous_758)
FN:23,(anonymous_759)
FN:23,(anonymous_760)
FN:23,(anonymous_761)
FN:23,(anonymous_762)
FN:23,(anonymous_763)
FN:23,(anonymous_764)
FN:23,(anonymous_765)
FN:23,(anonymous_766)
FN:23,(anonymous_767)
FN:23,(anonymous_768)
FN:23,(anonymous_769)
FN:23,(anonymous_770)
FN:23,(anonymous_771)
FN:23,(anonymous_772)
FN:23,(anonymous_773)
FN:23,(anonymous_774)
FN:23,(anonymous_775)
FN:23,(anonymous_776)
FN:23,(anonymous_777)
FN:23,(anonymous_778)
FN:23,(anonymous_779)
FN:23,(anonymous_780)
FN:23,(anonymous_781)
FN:23,(anonymous_782)
FN:23,(anonymous_783)
FN:23,(anonymous_784)
FN:23,(anonymous_785)
FN:23,(anonymous_786)
FN:23,(anonymous_787)
FN:23,F
FN:23,(anonymous_789)
FN:23,(anonymous_790)
FN:23,N
FN:23,(anonymous_792)
FN:23,R
FN:23,(anonymous_794)
FN:23,(anonymous_795)
FN:23,(anonymous_796)
FN:23,(anonymous_797)
FN:23,o
FN:23,(anonymous_799)
FN:23,i
FN:23,(anonymous_801)
FN:23,(anonymous_802)
FN:23,(anonymous_803)
FN:23,(anonymous_804)
FN:23,(anonymous_805)
FN:23,(anonymous_806)
FN:23,(anonymous_807)
FN:23,(anonymous_808)
FN:23,(anonymous_809)
FN:23,(anonymous_810)
FN:23,(anonymous_811)
FN:23,(anonymous_812)
FN:23,(anonymous_813)
FN:23,(anonymous_814)
FN:23,(anonymous_815)
FN:23,(anonymous_816)
FN:23,(anonymous_817)
FN:23,(anonymous_818)
FN:23,i
FN:23,(anonymous_820)
FN:23,(anonymous_821)
FN:23,(anonymous_822)
FN:23,(anonymous_823)
FN:23,(anonymous_824)
FN:23,(anonymous_825)
FN:23,(anonymous_826)
FN:23,(anonymous_827)
FN:23,(anonymous_828)
FN:23,(anonymous_829)
FN:23,(anonymous_830)
FN:23,(anonymous_831)
FN:23,(anonymous_832)
FN:23,(anonymous_833)
FN:23,(anonymous_834)
FN:23,(anonymous_835)
FN:23,(anonymous_836)
FN:23,(anonymous_837)
FN:23,(anonymous_838)
FN:23,(anonymous_839)
FN:23,(anonymous_840)
FN:23,(anonymous_841)
FN:23,(anonymous_842)
FN:23,(anonymous_843)
FN:23,(anonymous_844)
FN:23,(anonymous_845)
FN:23,(anonymous_846)
FN:23,(anonymous_847)
FN:23,(anonymous_848)
FN:23,(anonymous_849)
FN:23,(anonymous_850)
FN:23,(anonymous_851)
FN:23,(anonymous_852)
FN:23,(anonymous_853)
FN:23,(anonymous_854)
FN:23,(anonymous_855)
FN:23,(anonymous_856)
FN:23,(anonymous_857)
FN:23,(anonymous_858)
FN:23,(anonymous_859)
FN:23,(anonymous_860)
FN:23,(anonymous_861)
FN:23,(anonymous_862)
FN:23,(anonymous_863)
FN:23,(anonymous_864)
FN:23,(anonymous_865)
FN:23,(anonymous_866)
FN:23,(anonymous_867)
FN:23,(anonymous_868)
FN:23,(anonymous_869)
FN:23,(anonymous_870)
FN:23,(anonymous_871)
FN:23,(anonymous_872)
FN:23,(anonymous_873)
FN:23,(anonymous_874)
FN:23,(anonymous_875)
FN:23,(anonymous_876)
FN:23,(anonymous_877)
FN:23,(anonymous_878)
FN:23,(anonymous_879)
FN:23,(anonymous_880)
FN:23,(anonymous_881)
FN:23,(anonymous_882)
FN:23,(anonymous_883)
FN:23,(anonymous_884)
FN:23,(anonymous_885)
FN:23,(anonymous_886)
FN:23,(anonymous_887)
FN:23,n
FN:23,(anonymous_889)
FN:23,(anonymous_890)
FN:23,(anonymous_891)
FN:23,(anonymous_892)
FN:23,(anonymous_893)
FN:23,(anonymous_894)
FN:23,(anonymous_895)
FN:23,(anonymous_896)
FN:23,(anonymous_897)
FN:23,n
FN:23,(anonymous_899)
FN:23,(anonymous_900)
FN:23,r
FN:23,(anonymous_902)
FN:23,(anonymous_903)
FN:23,(anonymous_904)
FN:23,(anonymous_905)
FN:23,(anonymous_906)
FN:23,(anonymous_907)
FN:23,(anonymous_908)
FN:23,(anonymous_909)
FN:23,(anonymous_910)
FN:23,(anonymous_911)
FN:23,(anonymous_912)
FN:23,(anonymous_913)
FN:23,(anonymous_914)
FN:23,(anonymous_915)
FN:23,(anonymous_916)
FN:23,(anonymous_917)
FN:23,(anonymous_918)
FN:23,(anonymous_919)
FN:23,(anonymous_920)
FN:23,(anonymous_921)
FN:23,(anonymous_922)
FN:23,(anonymous_923)
FN:23,(anonymous_924)
FN:23,(anonymous_925)
FN:23,(anonymous_926)
FN:23,(anonymous_927)
FN:23,(anonymous_928)
FN:23,(anonymous_929)
FN:23,(anonymous_930)
FN:23,(anonymous_931)
FN:23,(anonymous_932)
FN:23,d
FN:23,(anonymous_934)
FN:23,(anonymous_935)
FN:23,(anonymous_936)
FN:23,(anonymous_937)
FN:23,(anonymous_938)
FN:23,h
FN:23,(anonymous_940)
FN:23,v
FN:23,(anonymous_942)
FN:23,(anonymous_943)
FN:23,(anonymous_944)
FN:23,(anonymous_945)
FN:23,(anonymous_946)
FN:23,(anonymous_947)
FN:23,(anonymous_948)
FN:23,(anonymous_949)
FN:23,(anonymous_950)
FN:23,(anonymous_951)
FN:23,(anonymous_952)
FN:23,(anonymous_953)
FN:23,(anonymous_954)
FN:23,(anonymous_955)
FN:23,(anonymous_956)
FN:23,(anonymous_957)
FN:23,(anonymous_958)
FN:23,(anonymous_959)
FN:23,(anonymous_960)
FN:23,(anonymous_961)
FN:23,(anonymous_962)
FN:23,(anonymous_963)
FN:23,(anonymous_964)
FN:23,(anonymous_965)
FN:23,(anonymous_966)
FN:23,(anonymous_967)
FN:23,(anonymous_968)
FN:23,(anonymous_969)
FN:23,(anonymous_970)
FN:23,(anonymous_971)
FN:23,(anonymous_972)
FN:23,(anonymous_973)
FN:23,(anonymous_974)
FN:23,(anonymous_975)
FN:23,(anonymous_976)
FN:23,(anonymous_977)
FN:23,(anonymous_978)
FN:23,(anonymous_979)
FN:23,(anonymous_980)
FN:23,(anonymous_981)
FN:23,(anonymous_982)
FN:23,(anonymous_983)
FN:23,(anonymous_984)
FN:23,(anonymous_985)
FN:23,(anonymous_986)
FN:23,(anonymous_987)
FN:23,(anonymous_988)
FN:23,(anonymous_989)
FN:23,(anonymous_990)
FN:23,(anonymous_991)
FN:23,(anonymous_992)
FN:23,(anonymous_993)
FN:23,(anonymous_994)
FN:23,(anonymous_995)
FN:23,(anonymous_996)
FN:23,(anonymous_997)
FN:23,(anonymous_998)
FN:23,(anonymous_999)
FN:23,(anonymous_1000)
FN:23,(anonymous_1001)
FN:23,(anonymous_1002)
FN:23,(anonymous_1003)
FN:23,(anonymous_1004)
FN:23,(anonymous_1005)
FN:23,(anonymous_1006)
FN:23,(anonymous_1007)
FN:23,(anonymous_1008)
FN:23,(anonymous_1009)
FN:23,(anonymous_1010)
FN:23,(anonymous_1011)
FN:23,(anonymous_1012)
FN:23,(anonymous_1013)
FN:23,(anonymous_1014)
FN:23,(anonymous_1015)
FN:23,(anonymous_1016)
FN:23,(anonymous_1017)
FN:23,(anonymous_1018)
FN:23,(anonymous_1019)
FN:23,(anonymous_1020)
FN:23,(anonymous_1021)
FN:23,(anonymous_1022)
FN:23,(anonymous_1023)
FN:23,(anonymous_1024)
FN:23,(anonymous_1025)
FN:23,(anonymous_1026)
FN:23,(anonymous_1027)
FN:23,(anonymous_1028)
FN:23,(anonymous_1029)
FN:23,(anonymous_1030)
FN:23,(anonymous_1031)
FN:23,(anonymous_1032)
FN:23,(anonymous_1033)
FN:23,(anonymous_1034)
FN:23,(anonymous_1035)
FN:23,(anonymous_1036)
FN:23,(anonymous_1037)
FN:23,(anonymous_1038)
FN:23,(anonymous_1039)
FN:23,(anonymous_1040)
FN:23,(anonymous_1041)
FN:23,(anonymous_1042)
FN:23,(anonymous_1043)
FN:23,(anonymous_1044)
FN:23,(anonymous_1045)
FN:23,(anonymous_1046)
FN:23,(anonymous_1047)
FN:23,(anonymous_1048)
FN:23,c
FN:23,(anonymous_1050)
FN:23,(anonymous_1051)
FN:23,(anonymous_1052)
FN:23,(anonymous_1053)
FN:23,(anonymous_1054)
FN:23,(anonymous_1055)
FN:23,(anonymous_1056)
FN:23,(anonymous_1057)
FN:23,(anonymous_1058)
FN:23,(anonymous_1059)
FN:23,(anonymous_1060)
FN:23,(anonymous_1061)
FN:23,(anonymous_1062)
FN:23,(anonymous_1063)
FN:23,(anonymous_1064)
FN:23,(anonymous_1065)
FN:23,(anonymous_1066)
FN:23,(anonymous_1067)
FN:23,(anonymous_1068)
FN:23,(anonymous_1069)
FN:23,(anonymous_1070)
FN:23,(anonymous_1071)
FN:23,(anonymous_1072)
FN:23,(anonymous_1073)
FN:23,(anonymous_1074)
FN:23,(anonymous_1075)
FN:23,(anonymous_1076)
FN:23,(anonymous_1077)
FN:23,(anonymous_1078)
FN:23,(anonymous_1079)
FN:23,(anonymous_1080)
FN:23,(anonymous_1081)
FN:23,(anonymous_1082)
FN:23,(anonymous_1083)
FN:23,(anonymous_1084)
FN:23,(anonymous_1085)
FN:23,(anonymous_1086)
FN:23,(anonymous_1087)
FN:23,(anonymous_1088)
FN:23,(anonymous_1089)
FN:23,(anonymous_1090)
FN:23,(anonymous_1091)
FN:23,(anonymous_1092)
FN:23,(anonymous_1093)
FN:23,v
FN:23,(anonymous_1095)
FN:23,b
FN:23,(anonymous_1097)
FN:23,(anonymous_1098)
FN:23,g
FN:23,m
FN:23,(anonymous_1101)
FN:23,(anonymous_1102)
FN:23,(anonymous_1103)
FN:23,(anonymous_1104)
FN:23,(anonymous_1105)
FN:23,(anonymous_1106)
FN:23,(anonymous_1107)
FN:23,(anonymous_1108)
FN:23,(anonymous_1109)
FN:23,(anonymous_1110)
FN:23,t
FN:23,(anonymous_1112)
FN:23,A
FN:23,(anonymous_1114)
FN:23,D
FN:23,(anonymous_1116)
FN:23,(anonymous_1117)
FN:23,I
FN:23,F
FN:23,N
FN:23,R
FN:23,L
FN:23,t
FN:23,(anonymous_1124)
FN:23,(anonymous_1125)
FN:23,(anonymous_1126)
FN:23,(anonymous_1127)
FN:23,G
FN:23,(anonymous_1129)
FN:23,(anonymous_1130)
FN:23,U
FN:23,W
FN:23,q
FN:23,K
FN:23,X
FN:23,(anonymous_1136)
FN:23,n
FN:23,Y
FN:23,(anonymous_1139)
FN:23,J
FN:23,(anonymous_1141)
FN:23,Z
FN:23,Q
FN:23,(anonymous_1144)
FN:23,tt
FN:23,(anonymous_1146)
FN:23,(anonymous_1147)
FN:23,e
FN:23,(anonymous_1149)
FN:23,e
FN:23,(anonymous_1151)
FN:23,e
FN:23,(anonymous_1153)
FN:23,e
FN:23,at
FN:23,(anonymous_1156)
FN:23,(anonymous_1157)
FN:23,(anonymous_1158)
FN:23,(anonymous_1159)
FN:23,(anonymous_1160)
FN:23,(anonymous_1161)
FN:23,(anonymous_1162)
FN:23,(anonymous_1163)
FN:23,(anonymous_1164)
FN:23,(anonymous_1165)
FN:23,(anonymous_1166)
FN:23,(anonymous_1167)
FN:23,(anonymous_1168)
FN:23,(anonymous_1169)
FN:23,(anonymous_1170)
FN:23,(anonymous_1171)
FN:23,St
FN:23,xt
FN:23,Tt
FN:23,(anonymous_1175)
FN:23,t
FN:23,(anonymous_1177)
FN:23,(anonymous_1178)
FN:23,(anonymous_1179)
FN:23,(anonymous_1180)
FN:23,(anonymous_1181)
FN:23,(anonymous_1182)
FN:23,(anonymous_1183)
FN:23,(anonymous_1184)
FN:23,(anonymous_1185)
FN:23,(anonymous_1186)
FN:23,(anonymous_1187)
FN:23,jt
FN:23,(anonymous_1189)
FN:23,kt
FN:23,(anonymous_1191)
FN:23,(anonymous_1192)
FN:23,Bt
FN:23,(anonymous_1194)
FN:23,(anonymous_1195)
FN:23,(anonymous_1196)
FN:23,t
FN:23,(anonymous_1198)
FN:23,(anonymous_1199)
FN:23,(anonymous_1200)
FN:23,(anonymous_1201)
FN:23,(anonymous_1202)
FN:23,(anonymous_1203)
FN:23,(anonymous_1204)
FN:23,(anonymous_1205)
FN:23,(anonymous_1206)
FN:23,(anonymous_1207)
FN:23,(anonymous_1208)
FN:23,(anonymous_1209)
FN:23,(anonymous_1210)
FN:23,(anonymous_1211)
FN:23,(anonymous_1212)
FN:23,(anonymous_1213)
FN:23,(anonymous_1214)
FN:23,(anonymous_1215)
FN:23,(anonymous_1216)
FN:23,(anonymous_1217)
FN:23,(anonymous_1218)
FN:23,(anonymous_1219)
FN:23,(anonymous_1220)
FN:23,(anonymous_1221)
FN:23,(anonymous_1222)
FN:23,(anonymous_1223)
FN:23,(anonymous_1224)
FN:23,(anonymous_1225)
FN:23,(anonymous_1226)
FN:23,(anonymous_1227)
FN:23,(anonymous_1228)
FN:23,(anonymous_1229)
FN:23,(anonymous_1230)
FN:23,(anonymous_1231)
FN:23,(anonymous_1232)
FN:23,(anonymous_1233)
FN:23,(anonymous_1234)
FN:23,(anonymous_1235)
FN:23,(anonymous_1236)
FN:23,(anonymous_1237)
FN:23,(anonymous_1238)
FN:23,(anonymous_1239)
FN:23,(anonymous_1240)
FN:23,ke
FN:23,Be
FN:23,$e
FN:23,Ee
FN:23,(anonymous_1245)
FN:23,Ae
FN:23,(anonymous_1247)
FN:23,(anonymous_1248)
FN:23,De
FN:23,(anonymous_1250)
FN:23,(anonymous_1251)
FN:23,(anonymous_1252)
FN:23,(anonymous_1253)
FN:23,(anonymous_1254)
FN:23,(anonymous_1255)
FN:23,He
FN:23,(anonymous_1257)
FN:23,(anonymous_1258)
FN:23,(anonymous_1259)
FN:23,(anonymous_1260)
FN:23,We
FN:23,(anonymous_1262)
FN:23,(anonymous_1263)
FN:23,(anonymous_1264)
FN:23,(anonymous_1265)
FN:23,(anonymous_1266)
FN:23,(anonymous_1267)
FN:23,(anonymous_1268)
FN:23,(anonymous_1269)
FN:23,(anonymous_1270)
FN:23,(anonymous_1271)
FN:23,(anonymous_1272)
FN:23,(anonymous_1273)
FN:23,(anonymous_1274)
FN:23,(anonymous_1275)
FN:23,(anonymous_1276)
FN:23,(anonymous_1277)
FN:23,(anonymous_1278)
FN:23,(anonymous_1279)
FN:23,(anonymous_1280)
FN:23,(anonymous_1281)
FN:23,(anonymous_1282)
FN:23,(anonymous_1283)
FN:23,(anonymous_1284)
FN:23,(anonymous_1285)
FN:23,(anonymous_1286)
FN:23,(anonymous_1287)
FN:23,(anonymous_1288)
FN:23,(anonymous_1289)
FN:23,(anonymous_1290)
FN:23,(anonymous_1291)
FN:23,(anonymous_1292)
FN:23,(anonymous_1293)
FN:23,(anonymous_1294)
FN:23,(anonymous_1295)
FN:23,mn
FN:23,yn
FN:23,wn
FN:23,On
FN:23,Sn
FN:23,(anonymous_1301)
FN:23,xn
FN:23,(anonymous_1303)
FN:23,(anonymous_1304)
FN:23,Tn
FN:23,(anonymous_1306)
FN:23,(anonymous_1307)
FN:23,(anonymous_1308)
FN:23,(anonymous_1309)
FN:23,(anonymous_1310)
FN:23,(anonymous_1311)
FN:23,(anonymous_1312)
FN:23,(anonymous_1313)
FN:23,(anonymous_1314)
FN:23,(anonymous_1315)
FN:23,(anonymous_1316)
FN:23,(anonymous_1317)
FN:23,Cn
FN:23,(anonymous_1319)
FN:23,jn
FN:23,(anonymous_1321)
FN:23,(anonymous_1322)
FN:23,kn
FN:23,(anonymous_1324)
FN:23,(anonymous_1325)
FN:23,(anonymous_1326)
FN:23,(anonymous_1327)
FN:23,Rn
FN:23,(anonymous_1329)
FN:23,Ln
FN:23,(anonymous_1331)
FN:23,(anonymous_1332)
FN:23,Vn
FN:23,(anonymous_1334)
FN:23,(anonymous_1335)
FN:23,Gn
FN:23,(anonymous_1337)
FN:23,Un
FN:23,(anonymous_1339)
FN:23,(anonymous_1340)
FN:23,Wn
FN:23,(anonymous_1342)
FN:23,(anonymous_1343)
FN:23,Yn
FN:23,(anonymous_1345)
FN:23,Jn
FN:23,(anonymous_1347)
FN:23,(anonymous_1348)
FN:23,Zn
FN:23,(anonymous_1350)
FN:23,(anonymous_1351)
FN:23,(anonymous_1352)
FN:23,(anonymous_1353)
FN:23,(anonymous_1354)
FN:23,(anonymous_1355)
FN:23,(anonymous_1356)
FN:23,(anonymous_1357)
FN:23,(anonymous_1358)
FN:23,(anonymous_1359)
FN:23,(anonymous_1360)
FN:23,(anonymous_1361)
FN:23,(anonymous_1362)
FN:23,hr
FN:23,(anonymous_1364)
FN:23,(anonymous_1365)
FN:23,(anonymous_1366)
FN:23,(anonymous_1367)
FN:23,(anonymous_1368)
FN:23,(anonymous_1369)
FN:23,(anonymous_1370)
FN:23,(anonymous_1371)
FN:23,(anonymous_1372)
FN:23,(anonymous_1373)
FN:23,(anonymous_1374)
FN:23,(anonymous_1375)
FN:23,(anonymous_1376)
FN:23,(anonymous_1377)
FN:23,(anonymous_1378)
FN:23,(anonymous_1379)
FN:23,(anonymous_1380)
FN:23,(anonymous_1381)
FN:23,(anonymous_1382)
FN:23,Er
FN:23,(anonymous_1384)
FN:23,Ar
FN:23,(anonymous_1386)
FN:23,(anonymous_1387)
FN:23,Dr
FN:23,(anonymous_1389)
FN:23,(anonymous_1390)
FN:23,(anonymous_1391)
FN:23,(anonymous_1392)
FN:23,zr
FN:23,Gr
FN:23,Ur
FN:23,Wr
FN:23,qr
FN:23,(anonymous_1398)
FN:23,Kr
FN:23,(anonymous_1400)
FN:23,(anonymous_1401)
FN:23,Xr
FN:23,(anonymous_1403)
FN:23,Zr
FN:23,(anonymous_1405)
FN:23,Qr
FN:23,(anonymous_1407)
FN:23,(anonymous_1408)
FN:23,ti
FN:23,(anonymous_1410)
FN:23,ri
FN:23,(anonymous_1412)
FN:23,ii
FN:23,(anonymous_1414)
FN:23,(anonymous_1415)
FN:23,oi
FN:23,(anonymous_1417)
FN:23,(anonymous_1418)
FN:23,ui
FN:23,fi
FN:23,di
FN:23,pi
FN:23,hi
FN:23,(anonymous_1424)
FN:23,vi
FN:23,(anonymous_1426)
FN:23,(anonymous_1427)
FN:23,bi
FN:23,(anonymous_1429)
FN:23,(anonymous_1430)
FN:23,t
FN:23,xi
FN:23,(anonymous_1433)
FN:23,Ti
FN:23,(anonymous_1435)
FN:23,(anonymous_1436)
FN:23,Pi
FN:23,_i
FN:23,Ci
FN:23,ji
FN:23,(anonymous_1441)
FN:23,t
FN:23,(anonymous_1443)
FN:23,(anonymous_1444)
FN:23,(anonymous_1445)
FN:23,(anonymous_1446)
FN:23,(anonymous_1447)
FN:23,(anonymous_1448)
FN:23,(anonymous_1449)
FN:23,(anonymous_1450)
FN:23,(anonymous_1451)
FN:23,(anonymous_1452)
FN:23,Fi
FN:23,(anonymous_1454)
FN:23,(anonymous_1455)
FN:23,(anonymous_1456)
FN:23,Hi
FN:23,(anonymous_1458)
FN:23,(anonymous_1459)
FN:23,(anonymous_1460)
FN:23,(anonymous_1461)
FN:23,(anonymous_1462)
FN:23,(anonymous_1463)
FN:23,(anonymous_1464)
FN:23,(anonymous_1465)
FN:23,(anonymous_1466)
FN:23,(anonymous_1467)
FN:23,(anonymous_1468)
FN:23,(anonymous_1469)
FN:23,Wi
FN:23,(anonymous_1471)
FN:23,qi
FN:23,(anonymous_1473)
FN:23,(anonymous_1474)
FN:23,Ki
FN:23,(anonymous_1476)
FN:23,(anonymous_1477)
FN:23,(anonymous_1478)
FN:23,(anonymous_1479)
FN:23,oo
FN:23,(anonymous_1481)
FN:23,ao
FN:23,(anonymous_1483)
FN:23,(anonymous_1484)
FN:23,so
FN:23,(anonymous_1486)
FN:23,(anonymous_1487)
FN:23,(anonymous_1488)
FN:23,(anonymous_1489)
FN:23,(anonymous_1490)
FN:23,(anonymous_1491)
FN:23,(anonymous_1492)
FN:23,(anonymous_1493)
FN:23,(anonymous_1494)
FN:23,(anonymous_1495)
FN:23,(anonymous_1496)
FN:23,(anonymous_1497)
FN:23,(anonymous_1498)
FN:23,(anonymous_1499)
FN:23,(anonymous_1500)
FN:23,(anonymous_1501)
FN:23,(anonymous_1502)
FN:23,(anonymous_1503)
FN:23,(anonymous_1504)
FN:23,(anonymous_1505)
FN:23,(anonymous_1506)
FN:23,(anonymous_1507)
FN:23,(anonymous_1508)
FN:23,(anonymous_1509)
FN:23,(anonymous_1510)
FN:23,(anonymous_1511)
FN:23,(anonymous_1512)
FN:23,(anonymous_1513)
FN:23,(anonymous_1514)
FN:23,(anonymous_1515)
FN:23,(anonymous_1516)
FN:23,e
FN:23,(anonymous_1518)
FN:23,(anonymous_1519)
FN:23,(anonymous_1520)
FN:23,(anonymous_1521)
FN:23,(anonymous_1522)
FN:23,(anonymous_1523)
FN:23,(anonymous_1524)
FN:23,(anonymous_1525)
FN:23,(anonymous_1526)
FN:23,(anonymous_1527)
FN:23,(anonymous_1528)
FN:23,(anonymous_1529)
FN:23,(anonymous_1530)
FN:23,(anonymous_1531)
FN:23,(anonymous_1532)
FN:23,(anonymous_1533)
FN:23,(anonymous_1534)
FN:23,(anonymous_1535)
FN:23,(anonymous_1536)
FN:23,(anonymous_1537)
FN:23,(anonymous_1538)
FN:23,(anonymous_1539)
FN:23,(anonymous_1540)
FN:23,(anonymous_1541)
FN:23,(anonymous_1542)
FN:23,(anonymous_1543)
FN:23,(anonymous_1544)
FN:23,(anonymous_1545)
FN:23,(anonymous_1546)
FN:23,(anonymous_1547)
FN:23,(anonymous_1548)
FN:23,(anonymous_1549)
FN:23,(anonymous_1550)
FN:23,(anonymous_1551)
FN:23,(anonymous_1552)
FN:23,(anonymous_1553)
FN:23,(anonymous_1554)
FN:23,(anonymous_1555)
FN:23,(anonymous_1556)
FN:23,(anonymous_1557)
FN:23,(anonymous_1558)
FN:23,(anonymous_1559)
FN:23,(anonymous_1560)
FN:23,(anonymous_1561)
FN:23,(anonymous_1562)
FN:23,(anonymous_1563)
FN:23,(anonymous_1564)
FN:23,(anonymous_1565)
FN:23,(anonymous_1566)
FN:23,(anonymous_1567)
FN:23,(anonymous_1568)
FN:23,(anonymous_1569)
FN:23,(anonymous_1570)
FN:23,(anonymous_1571)
FN:23,(anonymous_1572)
FN:23,(anonymous_1573)
FN:23,(anonymous_1574)
FN:23,(anonymous_1575)
FN:23,(anonymous_1576)
FN:23,(anonymous_1577)
FN:23,(anonymous_1578)
FN:23,(anonymous_1579)
FN:23,(anonymous_1580)
FN:23,(anonymous_1581)
FN:23,(anonymous_1582)
FN:23,(anonymous_1583)
FN:23,(anonymous_1584)
FN:23,(anonymous_1585)
FN:23,(anonymous_1586)
FN:23,(anonymous_1587)
FN:23,(anonymous_1588)
FN:23,(anonymous_1589)
FN:23,(anonymous_1590)
FN:23,(anonymous_1591)
FN:23,Qo
FN:23,ta
FN:23,ea
FN:23,(anonymous_1595)
FN:23,t
FN:23,(anonymous_1597)
FN:23,(anonymous_1598)
FN:23,(anonymous_1599)
FN:23,ra
FN:23,(anonymous_1601)
FN:23,ia
FN:23,(anonymous_1603)
FN:23,(anonymous_1604)
FN:23,oa
FN:23,(anonymous_1606)
FN:23,(anonymous_1607)
FN:23,(anonymous_1608)
FN:23,(anonymous_1609)
FN:23,(anonymous_1610)
FN:23,(anonymous_1611)
FN:23,(anonymous_1612)
FN:23,(anonymous_1613)
FN:23,(anonymous_1614)
FN:23,(anonymous_1615)
FN:23,(anonymous_1616)
FN:23,(anonymous_1617)
FN:23,(anonymous_1618)
FN:23,(anonymous_1619)
FN:23,(anonymous_1620)
FN:23,(anonymous_1621)
FN:23,(anonymous_1622)
FN:23,(anonymous_1623)
FN:23,(anonymous_1624)
FN:23,(anonymous_1625)
FN:23,(anonymous_1626)
FN:23,(anonymous_1627)
FN:23,(anonymous_1628)
FN:23,(anonymous_1629)
FN:23,(anonymous_1630)
FN:23,(anonymous_1631)
FN:23,(anonymous_1632)
FN:23,(anonymous_1633)
FN:23,(anonymous_1634)
FN:23,(anonymous_1635)
FN:23,(anonymous_1636)
FN:23,(anonymous_1637)
FN:23,(anonymous_1638)
FN:23,(anonymous_1639)
FN:23,(anonymous_1640)
FN:23,(anonymous_1641)
FN:23,(anonymous_1642)
FN:23,(anonymous_1643)
FN:23,(anonymous_1644)
FN:23,(anonymous_1645)
FN:23,(anonymous_1646)
FN:23,(anonymous_1647)
FN:23,(anonymous_1648)
FN:23,(anonymous_1649)
FN:23,(anonymous_1650)
FN:23,(anonymous_1651)
FN:23,(anonymous_1652)
FN:23,ga
FN:23,(anonymous_1654)
FN:23,ma
FN:23,(anonymous_1656)
FN:23,(anonymous_1657)
FN:23,ya
FN:23,(anonymous_1659)
FN:23,(anonymous_1660)
FN:23,(anonymous_1661)
FN:23,(anonymous_1662)
FN:23,Sa
FN:23,(anonymous_1664)
FN:23,xa
FN:23,(anonymous_1666)
FN:23,(anonymous_1667)
FN:23,Ta
FN:23,(anonymous_1669)
FN:23,(anonymous_1670)
FN:23,(anonymous_1671)
FN:23,Ca
FN:23,(anonymous_1673)
FN:23,ja
FN:23,(anonymous_1675)
FN:23,(anonymous_1676)
FN:23,ka
FN:23,(anonymous_1678)
FN:23,Ea
FN:23,(anonymous_1680)
FN:23,Aa
FN:23,(anonymous_1682)
FN:23,(anonymous_1683)
FN:23,Da
FN:23,(anonymous_1685)
FN:23,(anonymous_1686)
FN:23,La
FN:23,(anonymous_1688)
FN:23,Va
FN:23,(anonymous_1690)
FN:23,(anonymous_1691)
FN:23,Ma
FN:23,(anonymous_1693)
FN:23,za
FN:23,(anonymous_1695)
FN:23,Ua
FN:23,(anonymous_1697)
FN:23,Wa
FN:23,(anonymous_1699)
FN:23,(anonymous_1700)
FN:23,qa
FN:23,(anonymous_1702)
FN:23,Ja
FN:23,(anonymous_1704)
FN:23,(anonymous_1705)
FN:23,(anonymous_1706)
FN:23,(anonymous_1707)
FN:23,(anonymous_1708)
FN:23,(anonymous_1709)
FN:23,ns
FN:23,(anonymous_1711)
FN:23,rs
FN:23,(anonymous_1713)
FN:23,(anonymous_1714)
FN:23,is
FN:23,(anonymous_1716)
FN:23,(anonymous_1717)
FN:23,as
FN:23,(anonymous_1719)
FN:23,(anonymous_1720)
FN:23,(anonymous_1721)
FN:23,(anonymous_1722)
FN:23,(anonymous_1723)
FN:23,(anonymous_1724)
FN:23,(anonymous_1725)
FN:23,(anonymous_1726)
FN:23,ws
FN:23,(anonymous_1728)
FN:23,Os
FN:23,(anonymous_1730)
FN:23,(anonymous_1731)
FN:23,Ss
FN:23,(anonymous_1733)
FN:23,(anonymous_1734)
FN:23,(anonymous_1735)
FN:23,(anonymous_1736)
FN:23,(anonymous_1737)
FN:23,(anonymous_1738)
FN:23,(anonymous_1739)
FN:23,(anonymous_1740)
FN:23,(anonymous_1741)
FN:23,(anonymous_1742)
FN:23,(anonymous_1743)
FN:23,Bs
FN:23,(anonymous_1745)
FN:23,$s
FN:23,(anonymous_1747)
FN:23,(anonymous_1748)
FN:23,Es
FN:23,(anonymous_1750)
FN:23,(anonymous_1751)
FN:23,(anonymous_1752)
FN:23,(anonymous_1753)
FN:23,(anonymous_1754)
FN:23,(anonymous_1755)
FN:23,(anonymous_1756)
FN:23,(anonymous_1757)
FN:23,(anonymous_1758)
FN:23,(anonymous_1759)
FN:23,(anonymous_1760)
FN:23,(anonymous_1761)
FN:23,(anonymous_1762)
FN:23,(anonymous_1763)
FN:23,(anonymous_1764)
FN:23,(anonymous_1765)
FN:23,(anonymous_1766)
FN:23,(anonymous_1767)
FN:23,(anonymous_1768)
FN:23,(anonymous_1769)
FN:23,(anonymous_1770)
FN:23,(anonymous_1771)
FN:23,(anonymous_1772)
FN:23,(anonymous_1773)
FN:23,(anonymous_1774)
FN:23,(anonymous_1775)
FN:23,(anonymous_1776)
FN:23,(anonymous_1777)
FN:23,(anonymous_1778)
FN:23,(anonymous_1779)
FN:23,(anonymous_1780)
FN:23,(anonymous_1781)
FN:23,(anonymous_1782)
FN:23,(anonymous_1783)
FN:23,(anonymous_1784)
FN:23,qs
FN:23,(anonymous_1786)
FN:23,Ks
FN:23,(anonymous_1788)
FN:23,(anonymous_1789)
FN:23,Xs
FN:23,(anonymous_1791)
FN:23,(anonymous_1792)
FN:23,(anonymous_1793)
FN:23,(anonymous_1794)
FN:23,(anonymous_1795)
FN:23,(anonymous_1796)
FN:23,(anonymous_1797)
FN:23,(anonymous_1798)
FN:23,(anonymous_1799)
FN:23,(anonymous_1800)
FN:23,(anonymous_1801)
FN:23,(anonymous_1802)
FN:23,(anonymous_1803)
FN:23,(anonymous_1804)
FN:23,(anonymous_1805)
FN:23,(anonymous_1806)
FN:23,(anonymous_1807)
FN:23,(anonymous_1808)
FN:23,(anonymous_1809)
FN:23,(anonymous_1810)
FN:23,(anonymous_1811)
FN:23,(anonymous_1812)
FN:23,(anonymous_1813)
FN:23,(anonymous_1814)
FN:23,(anonymous_1815)
FN:23,(anonymous_1816)
FN:23,(anonymous_1817)
FN:23,(anonymous_1818)
FN:23,(anonymous_1819)
FN:23,(anonymous_1820)
FN:23,(anonymous_1821)
FN:23,(anonymous_1822)
FN:23,(anonymous_1823)
FN:23,(anonymous_1824)
FN:23,(anonymous_1825)
FN:23,(anonymous_1826)
FN:23,(anonymous_1827)
FN:23,(anonymous_1828)
FN:23,(anonymous_1829)
FN:23,(anonymous_1830)
FN:23,(anonymous_1831)
FN:23,(anonymous_1832)
FN:23,(anonymous_1833)
FN:23,(anonymous_1834)
FN:23,(anonymous_1835)
FN:23,(anonymous_1836)
FN:23,(anonymous_1837)
FN:23,(anonymous_1838)
FN:23,(anonymous_1839)
FN:23,(anonymous_1840)
FN:23,(anonymous_1841)
FN:23,(anonymous_1842)
FN:23,(anonymous_1843)
FN:23,(anonymous_1844)
FN:23,(anonymous_1845)
FN:23,(anonymous_1846)
FN:23,(anonymous_1847)
FN:23,(anonymous_1848)
FN:23,(anonymous_1849)
FN:23,(anonymous_1850)
FN:23,(anonymous_1851)
FN:23,(anonymous_1852)
FN:23,(anonymous_1853)
FN:23,(anonymous_1854)
FN:23,(anonymous_1855)
FN:23,(anonymous_1856)
FN:23,(anonymous_1857)
FN:23,(anonymous_1858)
FN:23,(anonymous_1859)
FN:23,(anonymous_1860)
FN:23,(anonymous_1861)
FN:23,(anonymous_1862)
FN:23,(anonymous_1863)
FN:23,(anonymous_1864)
FN:23,(anonymous_1865)
FN:23,(anonymous_1866)
FN:23,(anonymous_1867)
FN:23,(anonymous_1868)
FN:23,(anonymous_1869)
FN:23,(anonymous_1870)
FN:23,ul
FN:23,(anonymous_1872)
FN:23,fl
FN:23,(anonymous_1874)
FN:23,(anonymous_1875)
FN:23,dl
FN:23,(anonymous_1877)
FN:23,(anonymous_1878)
FN:23,(anonymous_1879)
FN:23,(anonymous_1880)
FN:23,(anonymous_1881)
FN:23,(anonymous_1882)
FN:23,(anonymous_1883)
FN:23,(anonymous_1884)
FN:23,(anonymous_1885)
FN:23,(anonymous_1886)
FN:23,(anonymous_1887)
FN:23,(anonymous_1888)
FN:23,bl
FN:23,(anonymous_1890)
FN:23,gl
FN:23,(anonymous_1892)
FN:23,(anonymous_1893)
FN:23,ml
FN:23,(anonymous_1895)
FN:23,(anonymous_1896)
FN:23,(anonymous_1897)
FN:23,(anonymous_1898)
FN:23,(anonymous_1899)
FN:23,(anonymous_1900)
FN:23,(anonymous_1901)
FN:23,(anonymous_1902)
FN:23,(anonymous_1903)
FN:23,(anonymous_1904)
FN:23,(anonymous_1905)
FN:23,(anonymous_1906)
FN:23,(anonymous_1907)
FN:23,(anonymous_1908)
FN:23,Sl
FN:23,(anonymous_1910)
FN:23,xl
FN:23,(anonymous_1912)
FN:23,(anonymous_1913)
FN:23,Tl
FN:23,(anonymous_1915)
FN:23,(anonymous_1916)
FN:23,(anonymous_1917)
FN:23,(anonymous_1918)
FN:23,(anonymous_1919)
FN:23,(anonymous_1920)
FN:23,(anonymous_1921)
FN:23,(anonymous_1922)
FN:23,(anonymous_1923)
FN:23,(anonymous_1924)
FN:23,(anonymous_1925)
FN:23,(anonymous_1926)
FN:23,(anonymous_1927)
FN:23,(anonymous_1928)
FN:23,(anonymous_1929)
FN:23,(anonymous_1930)
FN:23,(anonymous_1931)
FN:23,(anonymous_1932)
FN:23,(anonymous_1933)
FN:23,(anonymous_1934)
FN:23,(anonymous_1935)
FN:23,(anonymous_1936)
FN:23,(anonymous_1937)
FN:23,(anonymous_1938)
FN:23,(anonymous_1939)
FN:23,(anonymous_1940)
FN:23,(anonymous_1941)
FN:23,jl
FN:23,(anonymous_1943)
FN:23,kl
FN:23,(anonymous_1945)
FN:23,(anonymous_1946)
FN:23,Bl
FN:23,(anonymous_1948)
FN:23,(anonymous_1949)
FN:23,(anonymous_1950)
FN:23,(anonymous_1951)
FN:23,(anonymous_1952)
FN:23,(anonymous_1953)
FN:23,(anonymous_1954)
FN:23,(anonymous_1955)
FN:23,(anonymous_1956)
FN:23,(anonymous_1957)
FN:23,(anonymous_1958)
FN:23,(anonymous_1959)
FN:23,(anonymous_1960)
FN:23,(anonymous_1961)
FN:23,(anonymous_1962)
FN:23,Fl
FN:23,(anonymous_1964)
FN:23,Nl
FN:23,(anonymous_1966)
FN:23,(anonymous_1967)
FN:23,Rl
FN:23,(anonymous_1969)
FN:23,Ml
FN:23,(anonymous_1971)
FN:23,Hl
FN:23,(anonymous_1973)
FN:23,(anonymous_1974)
FN:23,zl
FN:23,(anonymous_1976)
FN:23,Ul
FN:23,(anonymous_1978)
FN:23,Wl
FN:23,(anonymous_1980)
FN:23,(anonymous_1981)
FN:23,ql
FN:23,(anonymous_1983)
FN:23,Xl
FN:23,Yl
FN:23,Jl
FN:23,Zl
FN:23,Ql
FN:23,(anonymous_1989)
FN:23,(anonymous_1990)
FN:23,(anonymous_1991)
FN:23,ac
FN:23,(anonymous_1993)
FN:23,(anonymous_1994)
FN:23,(anonymous_1995)
FN:23,(anonymous_1996)
FN:23,fc
FN:23,(anonymous_1998)
FN:23,(anonymous_1999)
FN:23,(anonymous_2000)
FN:23,(anonymous_2001)
FN:23,gc
FN:23,(anonymous_2003)
FN:23,wc
FN:23,(anonymous_2005)
FN:23,Oc
FN:23,(anonymous_2007)
FN:23,(anonymous_2008)
FN:23,Sc
FN:23,(anonymous_2010)
FN:23,(anonymous_2011)
FN:23,(anonymous_2012)
FN:23,$c
FN:23,(anonymous_2014)
FN:23,(anonymous_2015)
FN:23,(anonymous_2016)
FN:23,(anonymous_2017)
FN:23,(anonymous_2018)
FN:23,(anonymous_2019)
FN:23,(anonymous_2020)
FN:23,(anonymous_2021)
FN:23,(anonymous_2022)
FN:23,(anonymous_2023)
FN:23,(anonymous_2024)
FN:23,(anonymous_2025)
FN:23,(anonymous_2026)
FN:23,(anonymous_2027)
FN:23,(anonymous_2028)
FN:23,(anonymous_2029)
FN:23,(anonymous_2030)
FN:23,Mc
FN:23,(anonymous_2032)
FN:23,(anonymous_2033)
FN:23,(anonymous_2034)
FN:23,(anonymous_2035)
FN:23,(anonymous_2036)
FN:23,(anonymous_2037)
FN:23,(anonymous_2038)
FN:23,(anonymous_2039)
FN:23,(anonymous_2040)
FN:23,(anonymous_2041)
FN:23,(anonymous_2042)
FN:23,(anonymous_2043)
FN:23,(anonymous_2044)
FN:23,(anonymous_2045)
FN:23,(anonymous_2046)
FN:23,(anonymous_2047)
FN:23,(anonymous_2048)
FN:23,(anonymous_2049)
FN:23,(anonymous_2050)
FN:23,(anonymous_2051)
FN:23,(anonymous_2052)
FN:23,(anonymous_2053)
FN:23,(anonymous_2054)
FN:23,qc
FN:23,(anonymous_2056)
FN:23,(anonymous_2057)
FN:23,Kc
FN:23,(anonymous_2059)
FN:23,Xc
FN:23,(anonymous_2061)
FN:23,(anonymous_2062)
FN:23,Yc
FN:23,Jc
FN:23,Zc
FN:23,Qc
FN:23,tu
FN:23,eu
FN:23,nu
FN:23,(anonymous_2070)
FN:23,ru
FN:23,iu
FN:23,(anonymous_2073)
FN:23,ou
FN:23,au
FN:23,(anonymous_2076)
FN:23,(anonymous_2077)
FN:23,e
FN:23,(anonymous_2079)
FN:23,lu
FN:23,(anonymous_2081)
FN:23,cu
FN:23,(anonymous_2083)
FN:23,(anonymous_2084)
FN:23,uu
FN:23,(anonymous_2086)
FN:23,(anonymous_2087)
FN:23,(anonymous_2088)
FN:23,(anonymous_2089)
FN:23,(anonymous_2090)
FN:23,(anonymous_2091)
FN:23,(anonymous_2092)
FN:23,(anonymous_2093)
FN:23,(anonymous_2094)
FN:23,(anonymous_2095)
FN:23,(anonymous_2096)
FN:23,(anonymous_2097)
FN:23,(anonymous_2098)
FN:23,(anonymous_2099)
FN:23,(anonymous_2100)
FN:23,(anonymous_2101)
FN:23,(anonymous_2102)
FN:23,(anonymous_2103)
FN:23,(anonymous_2104)
FN:23,(anonymous_2105)
FN:23,(anonymous_2106)
FN:23,(anonymous_2107)
FN:23,(anonymous_2108)
FN:23,(anonymous_2109)
FN:23,(anonymous_2110)
FN:23,(anonymous_2111)
FN:23,(anonymous_2112)
FN:23,(anonymous_2113)
FN:23,(anonymous_2114)
FN:23,(anonymous_2115)
FN:23,(anonymous_2116)
FN:23,(anonymous_2117)
FN:23,(anonymous_2118)
FN:23,(anonymous_2119)
FN:23,(anonymous_2120)
FN:23,(anonymous_2121)
FN:23,(anonymous_2122)
FN:23,(anonymous_2123)
FN:23,(anonymous_2124)
FN:23,(anonymous_2125)
FN:23,(anonymous_2126)
FN:23,(anonymous_2127)
FN:23,(anonymous_2128)
FN:23,(anonymous_2129)
FN:23,(anonymous_2130)
FN:23,(anonymous_2131)
FN:23,(anonymous_2132)
FN:23,(anonymous_2133)
FN:23,(anonymous_2134)
FN:23,(anonymous_2135)
FN:23,(anonymous_2136)
FN:23,(anonymous_2137)
FN:23,(anonymous_2138)
FN:23,(anonymous_2139)
FN:23,(anonymous_2140)
FN:23,n
FN:23,(anonymous_2142)
FN:23,(anonymous_2143)
FN:23,(anonymous_2144)
FN:23,(anonymous_2145)
FN:23,(anonymous_2146)
FN:23,(anonymous_2147)
FN:23,(anonymous_2148)
FN:23,(anonymous_2149)
FN:23,(anonymous_2150)
FN:23,(anonymous_2151)
FN:23,(anonymous_2152)
FN:23,(anonymous_2153)
FN:23,(anonymous_2154)
FN:23,(anonymous_2155)
FN:23,(anonymous_2156)
FN:23,(anonymous_2157)
FN:23,(anonymous_2158)
FN:23,(anonymous_2159)
FN:23,(anonymous_2160)
FN:23,(anonymous_2161)
FN:23,(anonymous_2162)
FN:23,(anonymous_2163)
FN:23,(anonymous_2164)
FN:23,(anonymous_2165)
FN:23,(anonymous_2166)
FN:23,(anonymous_2167)
FN:23,(anonymous_2168)
FN:23,(anonymous_2169)
FN:23,ku
FN:23,Bu
FN:23,$u
FN:23,Eu
FN:23,(anonymous_2174)
FN:23,Au
FN:23,(anonymous_2176)
FN:23,(anonymous_2177)
FN:23,Du
FN:23,Iu
FN:23,Fu
FN:23,Nu
FN:23,Ru
FN:23,(anonymous_2183)
FN:23,(anonymous_2184)
FN:23,(anonymous_2185)
FN:23,(anonymous_2186)
FN:23,(anonymous_2187)
FN:23,(anonymous_2188)
FN:23,(anonymous_2189)
FN:23,(anonymous_2190)
FN:23,(anonymous_2191)
FN:23,(anonymous_2192)
FN:23,(anonymous_2193)
FN:23,(anonymous_2194)
FN:23,(anonymous_2195)
FN:23,(anonymous_2196)
FN:23,(anonymous_2197)
FN:23,(anonymous_2198)
FN:23,t
FN:23,(anonymous_2200)
FN:23,(anonymous_2201)
FN:23,(anonymous_2202)
FN:23,(anonymous_2203)
FN:23,(anonymous_2204)
FN:23,(anonymous_2205)
FN:23,(anonymous_2206)
FN:23,(anonymous_2207)
FN:23,Ku
FN:23,(anonymous_2209)
FN:23,(anonymous_2210)
FN:23,Zu
FN:23,(anonymous_2212)
FN:23,Qu
FN:23,(anonymous_2214)
FN:23,(anonymous_2215)
FN:23,tf
FN:23,(anonymous_2217)
FN:23,(anonymous_2218)
FN:23,(anonymous_2219)
FN:23,af
FN:23,(anonymous_2221)
FN:23,sf
FN:23,(anonymous_2223)
FN:23,(anonymous_2224)
FN:23,lf
FN:23,(anonymous_2226)
FN:23,(anonymous_2227)
FN:23,(anonymous_2228)
FN:23,(anonymous_2229)
FN:23,(anonymous_2230)
FN:23,(anonymous_2231)
FN:23,hf
FN:23,(anonymous_2233)
FN:23,(anonymous_2234)
FN:23,mf
FN:23,(anonymous_2236)
FN:23,(anonymous_2237)
FN:23,Sf
FN:23,(anonymous_2239)
FN:23,xf
FN:23,(anonymous_2241)
FN:23,(anonymous_2242)
FN:23,Tf
FN:23,(anonymous_2244)
FN:23,(anonymous_2245)
FN:23,(anonymous_2246)
FN:23,(anonymous_2247)
FN:23,(anonymous_2248)
FN:23,(anonymous_2249)
FN:23,(anonymous_2250)
FN:23,(anonymous_2251)
FN:23,(anonymous_2252)
FN:23,(anonymous_2253)
FN:23,(anonymous_2254)
FN:23,(anonymous_2255)
FN:23,(anonymous_2256)
FN:23,(anonymous_2257)
FN:23,(anonymous_2258)
FN:23,(anonymous_2259)
FN:23,(anonymous_2260)
FN:23,(anonymous_2261)
FN:23,(anonymous_2262)
FN:23,(anonymous_2263)
FN:23,(anonymous_2264)
FN:23,(anonymous_2265)
FN:23,(anonymous_2266)
FN:23,(anonymous_2267)
FN:23,(anonymous_2268)
FN:23,(anonymous_2269)
FN:23,(anonymous_2270)
FN:23,(anonymous_2271)
FN:23,(anonymous_2272)
FN:23,(anonymous_2273)
FN:23,(anonymous_2274)
FN:23,(anonymous_2275)
FN:23,(anonymous_2276)
FN:23,(anonymous_2277)
FN:23,(anonymous_2278)
FN:23,(anonymous_2279)
FN:23,(anonymous_2280)
FN:23,(anonymous_2281)
FN:23,(anonymous_2282)
FN:23,(anonymous_2283)
FN:23,(anonymous_2284)
FN:23,(anonymous_2285)
FN:23,(anonymous_2286)
FN:23,(anonymous_2287)
FN:23,(anonymous_2288)
FN:23,(anonymous_2289)
FN:23,(anonymous_2290)
FN:23,(anonymous_2291)
FN:23,(anonymous_2292)
FN:23,(anonymous_2293)
FN:23,(anonymous_2294)
FN:23,(anonymous_2295)
FN:23,(anonymous_2296)
FN:23,(anonymous_2297)
FN:23,(anonymous_2298)
FN:23,(anonymous_2299)
FN:23,(anonymous_2300)
FN:23,(anonymous_2301)
FN:23,(anonymous_2302)
FN:23,(anonymous_2303)
FN:23,(anonymous_2304)
FN:23,(anonymous_2305)
FN:23,(anonymous_2306)
FN:23,(anonymous_2307)
FN:23,(anonymous_2308)
FN:23,(anonymous_2309)
FN:23,(anonymous_2310)
FN:23,(anonymous_2311)
FN:23,(anonymous_2312)
FN:23,(anonymous_2313)
FN:23,(anonymous_2314)
FN:23,(anonymous_2315)
FN:23,(anonymous_2316)
FN:23,(anonymous_2317)
FN:23,(anonymous_2318)
FN:23,(anonymous_2319)
FN:23,(anonymous_2320)
FN:23,(anonymous_2321)
FN:23,(anonymous_2322)
FN:23,(anonymous_2323)
FN:23,(anonymous_2324)
FN:23,(anonymous_2325)
FN:23,(anonymous_2326)
FN:23,(anonymous_2327)
FN:23,(anonymous_2328)
FN:23,(anonymous_2329)
FN:23,(anonymous_2330)
FN:23,(anonymous_2331)
FN:23,(anonymous_2332)
FN:23,(anonymous_2333)
FN:23,(anonymous_2334)
FN:23,(anonymous_2335)
FN:23,(anonymous_2336)
FN:23,(anonymous_2337)
FN:23,(anonymous_2338)
FN:23,(anonymous_2339)
FN:23,(anonymous_2340)
FN:23,(anonymous_2341)
FN:23,(anonymous_2342)
FN:23,(anonymous_2343)
FN:23,(anonymous_2344)
FN:23,(anonymous_2345)
FN:23,(anonymous_2346)
FN:23,(anonymous_2347)
FN:23,(anonymous_2348)
FN:23,(anonymous_2349)
FN:23,(anonymous_2350)
FN:23,(anonymous_2351)
FN:23,(anonymous_2352)
FN:23,(anonymous_2353)
FN:23,(anonymous_2354)
FN:23,(anonymous_2355)
FN:23,(anonymous_2356)
FN:23,(anonymous_2357)
FN:23,(anonymous_2358)
FN:23,sd
FN:23,(anonymous_2360)
FN:23,ld
FN:23,(anonymous_2362)
FN:23,(anonymous_2363)
FN:23,cd
FN:23,(anonymous_2365)
FN:23,(anonymous_2366)
FN:23,(anonymous_2367)
FN:23,(anonymous_2368)
FN:23,(anonymous_2369)
FN:23,(anonymous_2370)
FN:23,(anonymous_2371)
FN:23,(anonymous_2372)
FN:23,(anonymous_2373)
FN:23,(anonymous_2374)
FN:23,dd
FN:23,(anonymous_2376)
FN:23,pd
FN:23,(anonymous_2378)
FN:23,(anonymous_2379)
FN:23,hd
FN:23,(anonymous_2381)
FN:23,(anonymous_2382)
FN:23,(anonymous_2383)
FN:23,(anonymous_2384)
FN:23,(anonymous_2385)
FN:23,(anonymous_2386)
FN:23,(anonymous_2387)
FN:23,(anonymous_2388)
FN:23,(anonymous_2389)
FN:23,(anonymous_2390)
FN:23,(anonymous_2391)
FN:23,(anonymous_2392)
FN:23,(anonymous_2393)
FN:23,(anonymous_2394)
FN:23,(anonymous_2395)
FN:23,(anonymous_2396)
FN:23,(anonymous_2397)
FN:23,(anonymous_2398)
FN:23,(anonymous_2399)
FN:23,(anonymous_2400)
FN:23,(anonymous_2401)
FN:23,(anonymous_2402)
FN:23,(anonymous_2403)
FN:23,(anonymous_2404)
FN:23,(anonymous_2405)
FN:23,(anonymous_2406)
FN:23,(anonymous_2407)
FN:23,(anonymous_2408)
FN:23,(anonymous_2409)
FN:23,(anonymous_2410)
FN:23,(anonymous_2411)
FN:23,(anonymous_2412)
FN:23,(anonymous_2413)
FN:23,(anonymous_2414)
FN:23,(anonymous_2415)
FN:23,(anonymous_2416)
FN:23,(anonymous_2417)
FN:23,(anonymous_2418)
FN:23,(anonymous_2419)
FN:23,(anonymous_2420)
FN:23,(anonymous_2421)
FN:23,(anonymous_2422)
FN:23,(anonymous_2423)
FN:23,(anonymous_2424)
FN:23,(anonymous_2425)
FN:23,(anonymous_2426)
FN:23,(anonymous_2427)
FN:23,(anonymous_2428)
FN:23,(anonymous_2429)
FN:23,(anonymous_2430)
FN:23,(anonymous_2431)
FN:23,(anonymous_2432)
FN:23,(anonymous_2433)
FN:23,(anonymous_2434)
FN:23,(anonymous_2435)
FN:23,(anonymous_2436)
FN:23,(anonymous_2437)
FN:23,(anonymous_2438)
FN:23,(anonymous_2439)
FN:23,(anonymous_2440)
FN:23,(anonymous_2441)
FN:23,(anonymous_2442)
FN:23,(anonymous_2443)
FN:23,(anonymous_2444)
FN:23,(anonymous_2445)
FN:23,(anonymous_2446)
FN:23,(anonymous_2447)
FN:23,(anonymous_2448)
FN:23,(anonymous_2449)
FN:23,(anonymous_2450)
FN:23,(anonymous_2451)
FN:23,(anonymous_2452)
FN:23,(anonymous_2453)
FN:23,(anonymous_2454)
FN:23,(anonymous_2455)
FN:23,(anonymous_2456)
FN:23,(anonymous_2457)
FN:23,(anonymous_2458)
FN:23,(anonymous_2459)
FN:23,(anonymous_2460)
FN:23,(anonymous_2461)
FN:23,(anonymous_2462)
FN:23,(anonymous_2463)
FN:23,(anonymous_2464)
FN:23,(anonymous_2465)
FN:23,(anonymous_2466)
FN:23,(anonymous_2467)
FN:23,(anonymous_2468)
FN:23,(anonymous_2469)
FN:23,(anonymous_2470)
FN:23,(anonymous_2471)
FN:23,(anonymous_2472)
FN:23,(anonymous_2473)
FN:23,(anonymous_2474)
FN:23,(anonymous_2475)
FN:23,(anonymous_2476)
FN:23,(anonymous_2477)
FN:23,(anonymous_2478)
FN:23,(anonymous_2479)
FN:23,(anonymous_2480)
FN:23,(anonymous_2481)
FN:23,(anonymous_2482)
FN:23,(anonymous_2483)
FN:23,(anonymous_2484)
FN:23,(anonymous_2485)
FN:23,(anonymous_2486)
FN:23,(anonymous_2487)
FN:23,(anonymous_2488)
FN:23,(anonymous_2489)
FN:23,(anonymous_2490)
FN:23,(anonymous_2491)
FN:23,(anonymous_2492)
FN:23,(anonymous_2493)
FN:23,(anonymous_2494)
FN:23,(anonymous_2495)
FN:23,(anonymous_2496)
FN:23,(anonymous_2497)
FN:23,(anonymous_2498)
FN:23,(anonymous_2499)
FN:23,(anonymous_2500)
FN:23,(anonymous_2501)
FN:23,(anonymous_2502)
FN:23,$d
FN:23,(anonymous_2504)
FN:23,Ed
FN:23,(anonymous_2506)
FN:23,(anonymous_2507)
FN:23,Ad
FN:23,(anonymous_2509)
FN:23,(anonymous_2510)
FN:23,(anonymous_2511)
FN:23,(anonymous_2512)
FN:23,(anonymous_2513)
FN:23,(anonymous_2514)
FN:23,(anonymous_2515)
FN:23,(anonymous_2516)
FN:23,(anonymous_2517)
FN:23,(anonymous_2518)
FN:23,(anonymous_2519)
FN:23,(anonymous_2520)
FN:23,(anonymous_2521)
FN:23,(anonymous_2522)
FN:23,(anonymous_2523)
FN:23,(anonymous_2524)
FN:23,(anonymous_2525)
FN:23,(anonymous_2526)
FN:23,(anonymous_2527)
FN:23,(anonymous_2528)
FN:23,(anonymous_2529)
FN:23,(anonymous_2530)
FN:23,(anonymous_2531)
FN:23,(anonymous_2532)
FN:23,(anonymous_2533)
FN:23,(anonymous_2534)
FN:23,(anonymous_2535)
FN:23,(anonymous_2536)
FN:23,(anonymous_2537)
FN:23,rp
FN:23,(anonymous_2539)
FN:23,(anonymous_2540)
FN:23,(anonymous_2541)
FN:23,(anonymous_2542)
FN:23,(anonymous_2543)
FN:23,fp
FN:23,(anonymous_2545)
FN:23,dp
FN:23,(anonymous_2547)
FN:23,(anonymous_2548)
FN:23,pp
FN:23,(anonymous_2550)
FN:23,(anonymous_2551)
FN:23,(anonymous_2552)
FN:23,(anonymous_2553)
FN:23,(anonymous_2554)
FN:23,(anonymous_2555)
FN:23,gp
FN:23,(anonymous_2557)
FN:23,mp
FN:23,(anonymous_2559)
FN:23,(anonymous_2560)
FN:23,yp
FN:23,(anonymous_2562)
FN:23,(anonymous_2563)
FN:23,(anonymous_2564)
FN:23,(anonymous_2565)
FN:23,(anonymous_2566)
FN:23,(anonymous_2567)
FN:23,(anonymous_2568)
FN:23,(anonymous_2569)
FN:23,(anonymous_2570)
FN:23,(anonymous_2571)
FN:23,(anonymous_2572)
FN:23,(anonymous_2573)
FN:23,(anonymous_2574)
FN:23,Op
FN:23,(anonymous_2576)
FN:23,(anonymous_2577)
FN:23,(anonymous_2578)
FN:23,(anonymous_2579)
FN:23,(anonymous_2580)
FN:23,t
FN:23,(anonymous_2582)
FN:23,(anonymous_2583)
FN:23,(anonymous_2584)
FN:23,(anonymous_2585)
FN:23,(anonymous_2586)
FN:23,(anonymous_2587)
FN:23,(anonymous_2588)
FN:23,(anonymous_2589)
FN:23,(anonymous_2590)
FN:23,(anonymous_2591)
FN:23,(anonymous_2592)
FN:23,(anonymous_2593)
FN:23,(anonymous_2594)
FN:23,(anonymous_2595)
FN:23,(anonymous_2596)
FN:23,(anonymous_2597)
FN:23,(anonymous_2598)
FN:23,(anonymous_2599)
FN:23,(anonymous_2600)
FN:23,(anonymous_2601)
FN:23,(anonymous_2602)
FN:23,(anonymous_2603)
FN:23,(anonymous_2604)
FN:23,(anonymous_2605)
FN:23,(anonymous_2606)
FN:23,(anonymous_2607)
FN:23,(anonymous_2608)
FN:23,(anonymous_2609)
FN:23,(anonymous_2610)
FN:23,(anonymous_2611)
FN:23,Dp
FN:23,(anonymous_2613)
FN:23,Ip
FN:23,(anonymous_2615)
FN:23,(anonymous_2616)
FN:23,Fp
FN:23,(anonymous_2618)
FN:23,(anonymous_2619)
FN:23,(anonymous_2620)
FN:23,(anonymous_2621)
FN:23,(anonymous_2622)
FN:23,(anonymous_2623)
FN:23,(anonymous_2624)
FN:23,(anonymous_2625)
FN:23,(anonymous_2626)
FN:23,(anonymous_2627)
FN:23,(anonymous_2628)
FN:23,(anonymous_2629)
FN:23,(anonymous_2630)
FN:23,(anonymous_2631)
FN:23,(anonymous_2632)
FN:23,(anonymous_2633)
FN:23,(anonymous_2634)
FN:23,(anonymous_2635)
FN:23,(anonymous_2636)
FN:23,(anonymous_2637)
FN:23,(anonymous_2638)
FN:23,(anonymous_2639)
FN:23,(anonymous_2640)
FN:23,(anonymous_2641)
FN:23,(anonymous_2642)
FN:23,Wp
FN:23,(anonymous_2644)
FN:23,qp
FN:23,(anonymous_2646)
FN:23,(anonymous_2647)
FN:23,Kp
FN:23,(anonymous_2649)
FN:23,(anonymous_2650)
FN:23,(anonymous_2651)
FN:23,(anonymous_2652)
FN:23,(anonymous_2653)
FN:23,(anonymous_2654)
FN:23,(anonymous_2655)
FN:23,(anonymous_2656)
FN:23,(anonymous_2657)
FN:23,(anonymous_2658)
FN:23,(anonymous_2659)
FN:23,Jp
FN:23,(anonymous_2661)
FN:23,Zp
FN:23,(anonymous_2663)
FN:23,(anonymous_2664)
FN:23,Qp
FN:23,(anonymous_2666)
FN:23,(anonymous_2667)
FN:23,(anonymous_2668)
FN:23,(anonymous_2669)
FN:23,(anonymous_2670)
FN:23,(anonymous_2671)
FN:23,(anonymous_2672)
FN:23,(anonymous_2673)
FN:23,(anonymous_2674)
FN:23,(anonymous_2675)
FN:23,(anonymous_2676)
FN:23,nh
FN:23,(anonymous_2678)
FN:23,rh
FN:23,(anonymous_2680)
FN:23,(anonymous_2681)
FN:23,ih
FN:23,(anonymous_2683)
FN:23,(anonymous_2684)
FN:23,(anonymous_2685)
FN:23,(anonymous_2686)
FN:23,(anonymous_2687)
FN:23,(anonymous_2688)
FN:23,(anonymous_2689)
FN:23,(anonymous_2690)
FN:23,(anonymous_2691)
FN:23,(anonymous_2692)
FN:23,(anonymous_2693)
FN:23,(anonymous_2694)
FN:23,(anonymous_2695)
FN:23,(anonymous_2696)
FN:23,sh
FN:23,(anonymous_2698)
FN:23,lh
FN:23,(anonymous_2700)
FN:23,(anonymous_2701)
FN:23,ch
FN:23,(anonymous_2703)
FN:23,(anonymous_2704)
FN:23,(anonymous_2705)
FN:23,(anonymous_2706)
FN:23,(anonymous_2707)
FN:23,(anonymous_2708)
FN:23,(anonymous_2709)
FN:23,(anonymous_2710)
FN:23,(anonymous_2711)
FN:23,(anonymous_2712)
FN:23,(anonymous_2713)
FN:23,(anonymous_2714)
FN:23,(anonymous_2715)
FN:23,(anonymous_2716)
FN:23,(anonymous_2717)
FN:23,(anonymous_2718)
FN:23,(anonymous_2719)
FN:23,(anonymous_2720)
FN:23,(anonymous_2721)
FN:23,(anonymous_2722)
FN:23,(anonymous_2723)
FN:23,(anonymous_2724)
FN:23,(anonymous_2725)
FN:23,bh
FN:23,gh
FN:23,mh
FN:23,yh
FN:23,wh
FN:23,(anonymous_2731)
FN:23,Oh
FN:23,(anonymous_2733)
FN:23,(anonymous_2734)
FN:23,Sh
FN:23,(anonymous_2736)
FN:23,(anonymous_2737)
FN:23,(anonymous_2738)
FN:23,(anonymous_2739)
FN:23,(anonymous_2740)
FN:23,(anonymous_2741)
FN:23,(anonymous_2742)
FN:23,(anonymous_2743)
FN:23,(anonymous_2744)
FN:23,(anonymous_2745)
FN:23,(anonymous_2746)
FN:23,(anonymous_2747)
FN:23,(anonymous_2748)
FN:23,Ph
FN:23,(anonymous_2750)
FN:23,_h
FN:23,(anonymous_2752)
FN:23,(anonymous_2753)
FN:23,Ch
FN:23,(anonymous_2755)
FN:23,(anonymous_2756)
FN:23,(anonymous_2757)
FN:23,(anonymous_2758)
FN:23,(anonymous_2759)
FN:23,(anonymous_2760)
FN:23,(anonymous_2761)
FN:23,(anonymous_2762)
FN:23,(anonymous_2763)
FN:23,(anonymous_2764)
FN:23,(anonymous_2765)
FN:23,(anonymous_2766)
FN:23,(anonymous_2767)
FN:23,Bh
FN:23,(anonymous_2769)
FN:23,$h
FN:23,(anonymous_2771)
FN:23,(anonymous_2772)
FN:23,Eh
FN:23,(anonymous_2774)
FN:23,(anonymous_2775)
FN:23,(anonymous_2776)
FN:23,(anonymous_2777)
FN:23,(anonymous_2778)
FN:23,(anonymous_2779)
FN:23,(anonymous_2780)
FN:23,(anonymous_2781)
FN:23,(anonymous_2782)
FN:23,(anonymous_2783)
FN:23,Ih
FN:23,(anonymous_2785)
FN:23,Fh
FN:23,(anonymous_2787)
FN:23,(anonymous_2788)
FN:23,Nh
FN:23,(anonymous_2790)
FN:23,(anonymous_2791)
FN:23,(anonymous_2792)
FN:23,(anonymous_2793)
FN:23,(anonymous_2794)
FN:23,(anonymous_2795)
FN:23,(anonymous_2796)
FN:23,(anonymous_2797)
FN:23,(anonymous_2798)
FN:23,(anonymous_2799)
FN:23,(anonymous_2800)
FN:23,(anonymous_2801)
FN:23,(anonymous_2802)
FN:23,(anonymous_2803)
FN:23,(anonymous_2804)
FN:23,(anonymous_2805)
FN:23,(anonymous_2806)
FN:23,(anonymous_2807)
FN:23,(anonymous_2808)
FN:23,(anonymous_2809)
FN:23,(anonymous_2810)
FN:23,qh
FN:23,(anonymous_2812)
FN:23,(anonymous_2813)
FN:23,(anonymous_2814)
FN:23,(anonymous_2815)
FN:23,(anonymous_2816)
FN:23,(anonymous_2817)
FN:23,(anonymous_2818)
FN:23,(anonymous_2819)
FN:23,(anonymous_2820)
FN:23,(anonymous_2821)
FN:23,(anonymous_2822)
FN:23,(anonymous_2823)
FN:23,(anonymous_2824)
FN:23,(anonymous_2825)
FN:23,(anonymous_2826)
FN:23,(anonymous_2827)
FN:23,(anonymous_2828)
FN:23,(anonymous_2829)
FN:23,(anonymous_2830)
FN:23,(anonymous_2831)
FN:23,(anonymous_2832)
FN:23,(anonymous_2833)
FN:23,(anonymous_2834)
FN:23,(anonymous_2835)
FN:23,Xh
FN:23,(anonymous_2837)
FN:23,Yh
FN:23,(anonymous_2839)
FN:23,(anonymous_2840)
FN:23,Jh
FN:23,(anonymous_2842)
FN:23,(anonymous_2843)
FN:23,(anonymous_2844)
FN:23,(anonymous_2845)
FN:23,(anonymous_2846)
FN:23,(anonymous_2847)
FN:23,(anonymous_2848)
FN:23,(anonymous_2849)
FN:23,(anonymous_2850)
FN:23,(anonymous_2851)
FN:23,(anonymous_2852)
FN:23,(anonymous_2853)
FN:23,Qh
FN:23,(anonymous_2855)
FN:23,tv
FN:23,(anonymous_2857)
FN:23,(anonymous_2858)
FN:23,ev
FN:23,(anonymous_2860)
FN:23,(anonymous_2861)
FN:23,(anonymous_2862)
FN:23,(anonymous_2863)
FN:23,(anonymous_2864)
FN:23,(anonymous_2865)
FN:23,(anonymous_2866)
FN:23,(anonymous_2867)
FN:23,(anonymous_2868)
FN:23,cv
FN:23,(anonymous_2870)
FN:23,uv
FN:23,(anonymous_2872)
FN:23,(anonymous_2873)
FN:23,fv
FN:23,(anonymous_2875)
FN:23,(anonymous_2876)
FN:23,(anonymous_2877)
FN:23,(anonymous_2878)
FN:23,(anonymous_2879)
FN:23,(anonymous_2880)
FN:23,(anonymous_2881)
FN:23,(anonymous_2882)
FN:23,(anonymous_2883)
FN:23,(anonymous_2884)
FN:23,(anonymous_2885)
FN:23,(anonymous_2886)
FN:23,(anonymous_2887)
FN:23,(anonymous_2888)
FN:23,(anonymous_2889)
FN:23,(anonymous_2890)
FN:23,(anonymous_2891)
FN:23,(anonymous_2892)
FN:23,(anonymous_2893)
FN:23,(anonymous_2894)
FN:23,(anonymous_2895)
FN:23,(anonymous_2896)
FN:23,(anonymous_2897)
FN:23,(anonymous_2898)
FN:23,(anonymous_2899)
FN:23,(anonymous_2900)
FN:23,(anonymous_2901)
FN:23,(anonymous_2902)
FN:23,(anonymous_2903)
FN:23,(anonymous_2904)
FN:23,(anonymous_2905)
FN:23,(anonymous_2906)
FN:23,(anonymous_2907)
FN:23,(anonymous_2908)
FN:23,(anonymous_2909)
FN:23,(anonymous_2910)
FN:23,(anonymous_2911)
FN:23,(anonymous_2912)
FN:23,(anonymous_2913)
FN:23,(anonymous_2914)
FN:23,(anonymous_2915)
FN:23,(anonymous_2916)
FN:23,(anonymous_2917)
FN:23,(anonymous_2918)
FN:23,(anonymous_2919)
FN:23,(anonymous_2920)
FN:23,(anonymous_2921)
FN:23,(anonymous_2922)
FN:23,(anonymous_2923)
FN:23,(anonymous_2924)
FN:23,(anonymous_2925)
FN:23,(anonymous_2926)
FN:23,(anonymous_2927)
FN:23,(anonymous_2928)
FN:23,(anonymous_2929)
FN:23,(anonymous_2930)
FN:23,(anonymous_2931)
FN:23,(anonymous_2932)
FN:23,(anonymous_2933)
FN:23,(anonymous_2934)
FN:23,(anonymous_2935)
FN:23,(anonymous_2936)
FN:23,(anonymous_2937)
FN:23,(anonymous_2938)
FN:23,(anonymous_2939)
FN:23,(anonymous_2940)
FN:23,(anonymous_2941)
FN:23,(anonymous_2942)
FN:23,(anonymous_2943)
FN:23,(anonymous_2944)
FN:23,(anonymous_2945)
FN:23,(anonymous_2946)
FN:23,(anonymous_2947)
FN:23,(anonymous_2948)
FN:23,(anonymous_2949)
FN:23,(anonymous_2950)
FN:23,(anonymous_2951)
FN:23,(anonymous_2952)
FN:23,(anonymous_2953)
FN:23,(anonymous_2954)
FN:23,(anonymous_2955)
FN:23,(anonymous_2956)
FN:23,(anonymous_2957)
FN:23,(anonymous_2958)
FN:23,(anonymous_2959)
FN:23,(anonymous_2960)
FN:23,(anonymous_2961)
FN:23,(anonymous_2962)
FN:23,(anonymous_2963)
FN:23,(anonymous_2964)
FN:23,(anonymous_2965)
FN:23,(anonymous_2966)
FN:23,(anonymous_2967)
FN:23,(anonymous_2968)
FN:23,(anonymous_2969)
FN:23,(anonymous_2970)
FN:23,(anonymous_2971)
FN:23,(anonymous_2972)
FN:23,xv
FN:23,(anonymous_2974)
FN:23,Tv
FN:23,(anonymous_2976)
FN:23,(anonymous_2977)
FN:23,Pv
FN:23,(anonymous_2979)
FN:23,(anonymous_2980)
FN:23,(anonymous_2981)
FN:23,(anonymous_2982)
FN:23,(anonymous_2983)
FN:23,(anonymous_2984)
FN:23,(anonymous_2985)
FN:23,(anonymous_2986)
FN:23,(anonymous_2987)
FN:23,(anonymous_2988)
FN:23,(anonymous_2989)
FN:23,(anonymous_2990)
FN:23,(anonymous_2991)
FN:23,(anonymous_2992)
FN:23,(anonymous_2993)
FN:23,(anonymous_2994)
FN:23,(anonymous_2995)
FN:23,(anonymous_2996)
FN:23,(anonymous_2997)
FN:23,(anonymous_2998)
FN:23,(anonymous_2999)
FN:23,(anonymous_3000)
FN:23,(anonymous_3001)
FN:23,(anonymous_3002)
FN:23,(anonymous_3003)
FN:23,(anonymous_3004)
FN:23,(anonymous_3005)
FN:23,(anonymous_3006)
FN:23,(anonymous_3007)
FN:23,(anonymous_3008)
FN:23,(anonymous_3009)
FN:23,(anonymous_3010)
FN:23,(anonymous_3011)
FN:23,(anonymous_3012)
FN:23,(anonymous_3013)
FN:23,(anonymous_3014)
FN:23,(anonymous_3015)
FN:23,(anonymous_3016)
FN:23,(anonymous_3017)
FN:23,(anonymous_3018)
FN:23,(anonymous_3019)
FN:23,(anonymous_3020)
FN:23,(anonymous_3021)
FN:23,(anonymous_3022)
FN:23,(anonymous_3023)
FN:23,(anonymous_3024)
FN:23,(anonymous_3025)
FN:23,$v
FN:23,Ev
FN:23,Av
FN:23,Dv
FN:23,(anonymous_3030)
FN:23,Iv
FN:23,(anonymous_3032)
FN:23,(anonymous_3033)
FN:23,Fv
FN:23,Nv
FN:23,Rv
FN:23,Lv
FN:23,Vv
FN:23,(anonymous_3039)
FN:23,(anonymous_3040)
FN:23,(anonymous_3041)
FN:23,(anonymous_3042)
FN:23,(anonymous_3043)
FN:23,(anonymous_3044)
FN:23,(anonymous_3045)
FN:23,(anonymous_3046)
FN:23,(anonymous_3047)
FN:23,(anonymous_3048)
FN:23,(anonymous_3049)
FN:23,(anonymous_3050)
FN:23,(anonymous_3051)
FN:23,t
FN:23,(anonymous_3053)
FN:23,(anonymous_3054)
FN:23,(anonymous_3055)
FN:23,(anonymous_3056)
FN:23,(anonymous_3057)
FN:23,Xv
FN:23,(anonymous_3059)
FN:23,Yv
FN:23,(anonymous_3061)
FN:23,(anonymous_3062)
FN:23,Jv
FN:23,(anonymous_3064)
FN:23,(anonymous_3065)
FN:23,(anonymous_3066)
FN:23,(anonymous_3067)
FN:23,(anonymous_3068)
FN:23,(anonymous_3069)
FN:23,(anonymous_3070)
FN:23,(anonymous_3071)
FN:23,(anonymous_3072)
FN:23,(anonymous_3073)
FN:23,(anonymous_3074)
FN:23,(anonymous_3075)
FN:23,mb
FN:23,(anonymous_3077)
FN:23,yb
FN:23,(anonymous_3079)
FN:23,(anonymous_3080)
FN:23,wb
FN:23,Ob
FN:23,Sb
FN:23,xb
FN:23,(anonymous_3085)
FN:23,(anonymous_3086)
FN:23,(anonymous_3087)
FN:23,t
FN:23,(anonymous_3089)
FN:23,(anonymous_3090)
FN:23,(anonymous_3091)
FN:23,(anonymous_3092)
FN:23,(anonymous_3093)
FN:23,(anonymous_3094)
FN:23,(anonymous_3095)
FN:23,(anonymous_3096)
FN:23,(anonymous_3097)
FN:23,(anonymous_3098)
FN:23,(anonymous_3099)
FN:23,(anonymous_3100)
FN:23,(anonymous_3101)
FN:23,(anonymous_3102)
FN:23,(anonymous_3103)
FN:23,(anonymous_3104)
FN:23,(anonymous_3105)
FN:23,(anonymous_3106)
FN:23,(anonymous_3107)
FN:23,(anonymous_3108)
FN:23,(anonymous_3109)
FN:23,(anonymous_3110)
FN:23,(anonymous_3111)
FN:23,(anonymous_3112)
FN:23,(anonymous_3113)
FN:23,(anonymous_3114)
FN:23,(anonymous_3115)
FN:23,(anonymous_3116)
FN:23,(anonymous_3117)
FN:23,(anonymous_3118)
FN:23,(anonymous_3119)
FN:23,(anonymous_3120)
FN:23,(anonymous_3121)
FN:23,(anonymous_3122)
FN:23,(anonymous_3123)
FN:23,(anonymous_3124)
FN:23,(anonymous_3125)
FN:23,(anonymous_3126)
FN:23,(anonymous_3127)
FN:23,(anonymous_3128)
FN:23,(anonymous_3129)
FN:23,(anonymous_3130)
FN:23,(anonymous_3131)
FN:23,(anonymous_3132)
FN:23,(anonymous_3133)
FN:23,(anonymous_3134)
FN:33,(anonymous_3135)
FN:33,(anonymous_3136)
FN:33,(anonymous_3137)
FN:33,(anonymous_3138)
FN:33,(anonymous_3139)
FN:33,(anonymous_3140)
FN:33,(anonymous_3141)
FN:33,(anonymous_3142)
FN:33,(anonymous_3143)
FN:33,(anonymous_3144)
FN:33,(anonymous_3145)
FN:33,(anonymous_3146)
FN:33,(anonymous_3147)
FN:33,(anonymous_3148)
FN:33,(anonymous_3149)
FN:33,(anonymous_3150)
FN:33,(anonymous_3151)
FN:33,(anonymous_3152)
FN:33,(anonymous_3153)
FN:33,(anonymous_3154)
FN:33,(anonymous_3155)
FN:33,(anonymous_3156)
FN:33,(anonymous_3157)
FN:33,(anonymous_3158)
FN:33,(anonymous_3159)
FN:33,(anonymous_3160)
FN:33,(anonymous_3161)
FN:33,(anonymous_3162)
FN:33,(anonymous_3163)
FN:33,(anonymous_3164)
FN:33,(anonymous_3165)
FN:33,(anonymous_3166)
FN:33,(anonymous_3167)
FN:33,(anonymous_3168)
FN:33,(anonymous_3169)
FN:33,(anonymous_3170)
FN:33,(anonymous_3171)
FN:33,(anonymous_3172)
FN:33,(anonymous_3173)
FN:33,(anonymous_3174)
FN:33,(anonymous_3175)
FN:33,(anonymous_3176)
FN:33,(anonymous_3177)
FN:33,(anonymous_3178)
FN:33,(anonymous_3179)
FN:33,(anonymous_3180)
FN:33,(anonymous_3181)
FN:33,(anonymous_3182)
FN:33,(anonymous_3183)
FN:33,(anonymous_3184)
FN:33,(anonymous_3185)
FN:33,(anonymous_3186)
FN:33,(anonymous_3187)
FN:33,(anonymous_3188)
FN:33,(anonymous_3189)
FN:33,(anonymous_3190)
FN:33,(anonymous_3191)
FN:33,(anonymous_3192)
FN:33,(anonymous_3193)
FN:33,(anonymous_3194)
FN:33,(anonymous_3195)
FN:33,(anonymous_3196)
FN:33,(anonymous_3197)
FN:33,(anonymous_3198)
FN:33,(anonymous_3199)
FN:33,(anonymous_3200)
FN:33,(anonymous_3201)
FN:33,(anonymous_3202)
FN:33,(anonymous_3203)
FN:33,(anonymous_3204)
FN:33,(anonymous_3205)
FN:33,(anonymous_3206)
FN:33,(anonymous_3207)
FN:33,(anonymous_3208)
FN:33,(anonymous_3209)
FN:33,(anonymous_3210)
FN:33,(anonymous_3211)
FN:33,(anonymous_3212)
FN:33,(anonymous_3213)
FN:33,(anonymous_3214)
FN:33,(anonymous_3215)
FN:33,(anonymous_3216)
FN:33,(anonymous_3217)
FN:33,(anonymous_3218)
FN:33,(anonymous_3219)
FN:33,(anonymous_3220)
FN:33,(anonymous_3221)
FN:33,(anonymous_3222)
FN:33,(anonymous_3223)
FN:33,(anonymous_3224)
FN:33,(anonymous_3225)
FN:33,(anonymous_3226)
FN:33,(anonymous_3227)
FN:33,(anonymous_3228)
FN:33,(anonymous_3229)
FN:33,(anonymous_3230)
FN:33,(anonymous_3231)
FN:33,(anonymous_3232)
FN:33,(anonymous_3233)
FN:33,(anonymous_3234)
FN:33,(anonymous_3235)
FN:33,(anonymous_3236)
FN:33,r
FN:33,(anonymous_3238)
FN:33,(anonymous_3239)
FN:33,(anonymous_3240)
FN:33,(anonymous_3241)
FN:33,(anonymous_3242)
FN:33,(anonymous_3243)
FN:33,(anonymous_3244)
FN:33,(anonymous_3245)
FN:33,(anonymous_3246)
FN:33,(anonymous_3247)
FN:33,(anonymous_3248)
FN:33,(anonymous_3249)
FN:33,(anonymous_3250)
FN:33,(anonymous_3251)
FN:33,(anonymous_3252)
FN:33,(anonymous_3253)
FN:33,(anonymous_3254)
FN:33,(anonymous_3255)
FN:33,(anonymous_3256)
FN:33,(anonymous_3257)
FN:33,(anonymous_3258)
FN:33,(anonymous_3259)
FN:33,(anonymous_3260)
FN:33,(anonymous_3261)
FN:33,(anonymous_3262)
FN:33,(anonymous_3263)
FN:33,(anonymous_3264)
FN:33,(anonymous_3265)
FN:33,(anonymous_3266)
FN:33,(anonymous_3267)
FN:33,(anonymous_3268)
FN:33,(anonymous_3269)
FN:33,(anonymous_3270)
FN:33,(anonymous_3271)
FN:33,(anonymous_3272)
FN:33,(anonymous_3273)
FN:33,(anonymous_3274)
FN:33,(anonymous_3275)
FN:33,(anonymous_3276)
FN:33,(anonymous_3277)
FN:33,(anonymous_3278)
FN:33,(anonymous_3279)
FN:33,(anonymous_3280)
FN:33,(anonymous_3281)
FN:33,(anonymous_3282)
FN:33,(anonymous_3283)
FN:33,(anonymous_3284)
FN:33,(anonymous_3285)
FN:33,(anonymous_3286)
FN:33,(anonymous_3287)
FN:33,(anonymous_3288)
FN:33,(anonymous_3289)
FN:33,(anonymous_3290)
FN:33,(anonymous_3291)
FN:33,o
FN:33,a
FN:33,(anonymous_3294)
FN:33,(anonymous_3295)
FN:33,s
FN:33,l
FN:33,(anonymous_3298)
FN:33,(anonymous_3299)
FN:33,(anonymous_3300)
FN:33,(anonymous_3301)
FN:33,(anonymous_3302)
FN:38,r
FN:38,i
FN:38,o
FN:38,a
FN:38,(anonymous_3307)
FN:38,(anonymous_3308)
FN:38,(anonymous_3309)
FN:38,(anonymous_3310)
FN:38,l
FN:38,(anonymous_3312)
FN:38,(anonymous_3313)
FN:38,h
FN:38,v
FN:38,(anonymous_3316)
FN:38,b
FN:38,(anonymous_3318)
FN:38,(anonymous_3319)
FN:38,(anonymous_3320)
FN:38,m
FN:38,y
FN:38,O
FN:38,S
FN:38,x
FN:38,T
FN:38,(anonymous_3327)
FN:38,P
FN:38,_
FN:38,C
FN:38,j
FN:38,k
FN:38,(anonymous_3333)
FN:38,N
FN:38,R
FN:38,L
FN:38,(anonymous_3337)
FN:38,V
FN:38,(anonymous_3339)
FN:38,M
FN:38,(anonymous_3341)
FN:38,H
FN:38,z
FN:38,G
FN:38,U
FN:38,W
FN:38,q
FN:38,K
FN:38,X
FN:38,Y
FN:38,Z
FN:38,Q
FN:38,(anonymous_3353)
FN:38,(anonymous_3354)
FN:38,(anonymous_3355)
FN:38,(anonymous_3356)
FN:38,ot
FN:38,at
FN:38,st
FN:38,(anonymous_3360)
FN:38,(anonymous_3361)
FN:38,(anonymous_3362)
FN:38,(anonymous_3363)
FN:38,(anonymous_3364)
FN:38,(anonymous_3365)
FN:38,ct
FN:38,(anonymous_3367)
FN:38,ut
FN:38,(anonymous_3369)
FN:38,ft
FN:38,dt
FN:38,pt
FN:38,a
FN:38,s
FN:38,(anonymous_3375)
FN:38,(anonymous_3376)
FN:38,l
FN:38,c
FN:38,u
FN:38,ht
FN:38,vt
FN:38,gt
FN:38,yt
FN:38,wt
FN:38,St
FN:38,(anonymous_3386)
FN:38,xt
FN:38,(anonymous_3388)
FN:38,(anonymous_3389)
FN:38,(anonymous_3390)
FN:38,Tt
FN:38,Pt
FN:38,_t
FN:38,Ct
FN:38,jt
FN:38,kt
FN:38,Bt
FN:38,Et
FN:38,(anonymous_3399)
FN:38,Dt
FN:38,It
FN:38,Ft
FN:38,(anonymous_3403)
FN:38,(anonymous_3404)
FN:38,Nt
FN:38,(anonymous_3406)
FN:38,(anonymous_3407)
FN:38,(anonymous_3408)
FN:38,(anonymous_3409)
FN:38,Rt
FN:38,(anonymous_3411)
FN:38,(anonymous_3412)
FN:38,Lt
FN:38,Mt
FN:38,Ht
FN:38,(anonymous_3416)
FN:38,(anonymous_3417)
FN:38,e
FN:38,(anonymous_3419)
FN:38,Ut
FN:38,Wt
FN:38,qt
FN:38,(anonymous_3423)
FN:38,(anonymous_3424)
FN:38,Kt
FN:38,Xt
FN:38,Yt
FN:38,Jt
FN:38,(anonymous_3429)
FN:38,Zt
FN:38,(anonymous_3431)
FN:38,Qt
FN:38,(anonymous_3433)
FN:38,(anonymous_3434)
FN:38,(anonymous_3435)
FN:38,te
FN:38,(anonymous_3437)
FN:38,(anonymous_3438)
FN:38,(anonymous_3439)
FN:38,(anonymous_3440)
FN:38,(anonymous_3441)
FN:38,(anonymous_3442)
FN:38,(anonymous_3443)
FN:38,(anonymous_3444)
FN:38,(anonymous_3445)
FN:38,(anonymous_3446)
FN:38,(anonymous_3447)
FN:38,(anonymous_3448)
FN:38,(anonymous_3449)
FN:38,(anonymous_3450)
FN:38,(anonymous_3451)
FN:38,(anonymous_3452)
FN:38,(anonymous_3453)
FN:38,(anonymous_3454)
FN:38,(anonymous_3455)
FN:38,(anonymous_3456)
FN:38,(anonymous_3457)
FN:38,(anonymous_3458)
FN:38,(anonymous_3459)
FN:38,e
FN:38,(anonymous_3461)
FN:38,(anonymous_3462)
FN:38,(anonymous_3463)
FN:38,(anonymous_3464)
FN:38,(anonymous_3465)
FN:38,(anonymous_3466)
FN:38,(anonymous_3467)
FN:38,(anonymous_3468)
FN:38,(anonymous_3469)
FN:38,ne
FN:38,(anonymous_3471)
FN:38,e
FN:38,(anonymous_3473)
FN:38,(anonymous_3474)
FN:38,(anonymous_3475)
FN:38,(anonymous_3476)
FN:38,(anonymous_3477)
FN:38,(anonymous_3478)
FN:38,(anonymous_3479)
FN:38,(anonymous_3480)
FN:38,(anonymous_3481)
FN:38,(anonymous_3482)
FN:38,ie
FN:38,oe
FN:38,ae
FN:38,se
FN:38,le
FN:38,ce
FN:38,(anonymous_3489)
FN:38,e
FN:38,(anonymous_3491)
FN:38,(anonymous_3492)
FN:38,(anonymous_3493)
FN:38,(anonymous_3494)
FN:38,(anonymous_3495)
FN:38,(anonymous_3496)
FN:38,(anonymous_3497)
FN:38,(anonymous_3498)
FN:38,(anonymous_3499)
FN:38,(anonymous_3500)
FN:38,pe
FN:38,(anonymous_3502)
FN:38,he
FN:38,(anonymous_3504)
FN:38,(anonymous_3505)
FN:38,(anonymous_3506)
FN:38,(anonymous_3507)
FN:38,(anonymous_3508)
FN:38,(anonymous_3509)
FN:38,(anonymous_3510)
FN:38,(anonymous_3511)
FN:38,(anonymous_3512)
FN:38,(anonymous_3513)
FN:38,(anonymous_3514)
FN:38,(anonymous_3515)
FN:38,(anonymous_3516)
FN:38,(anonymous_3517)
FN:38,(anonymous_3518)
FN:38,(anonymous_3519)
FN:38,(anonymous_3520)
FN:38,(anonymous_3521)
FN:38,(anonymous_3522)
FN:38,(anonymous_3523)
FN:38,(anonymous_3524)
FN:38,(anonymous_3525)
FN:38,(anonymous_3526)
FN:38,(anonymous_3527)
FN:38,(anonymous_3528)
FN:38,i
FN:38,(anonymous_3530)
FN:38,(anonymous_3531)
FN:38,(anonymous_3532)
FN:38,(anonymous_3533)
FN:38,(anonymous_3534)
FN:38,(anonymous_3535)
FN:38,(anonymous_3536)
FN:38,(anonymous_3537)
FN:38,(anonymous_3538)
FN:38,(anonymous_3539)
FN:38,(anonymous_3540)
FN:38,(anonymous_3541)
FN:38,(anonymous_3542)
FN:38,(anonymous_3543)
FN:38,(anonymous_3544)
FN:38,(anonymous_3545)
FN:38,(anonymous_3546)
FN:38,(anonymous_3547)
FN:38,(anonymous_3548)
FN:38,(anonymous_3549)
FN:38,(anonymous_3550)
FN:38,(anonymous_3551)
FN:38,(anonymous_3552)
FN:38,(anonymous_3553)
FN:38,(anonymous_3554)
FN:38,(anonymous_3555)
FN:38,(anonymous_3556)
FN:38,(anonymous_3557)
FN:38,(anonymous_3558)
FN:38,(anonymous_3559)
FN:38,(anonymous_3560)
FN:38,(anonymous_3561)
FN:38,(anonymous_3562)
FN:38,(anonymous_3563)
FN:38,(anonymous_3564)
FN:38,(anonymous_3565)
FN:38,(anonymous_3566)
FN:38,(anonymous_3567)
FN:38,(anonymous_3568)
FN:38,(anonymous_3569)
FN:38,(anonymous_3570)
FN:38,(anonymous_3571)
FN:38,(anonymous_3572)
FN:38,(anonymous_3573)
FN:38,(anonymous_3574)
FN:38,l
FN:38,c
FN:38,v
FN:38,b
FN:38,g
FN:38,(anonymous_3580)
FN:38,S
FN:38,(anonymous_3582)
FN:38,(anonymous_3583)
FN:38,x
FN:38,e
FN:38,(anonymous_3586)
FN:38,(anonymous_3587)
FN:38,(anonymous_3588)
FN:38,(anonymous_3589)
FN:38,i
FN:38,i
FN:38,(anonymous_3592)
FN:38,T
FN:38,(anonymous_3594)
FN:38,P
FN:38,_
FN:38,C
FN:38,j
FN:38,k
FN:38,n
FN:38,B
FN:38,(anonymous_3602)
FN:38,(anonymous_3603)
FN:38,(anonymous_3604)
FN:38,(anonymous_3605)
FN:38,(anonymous_3606)
FN:38,(anonymous_3607)
FN:38,(anonymous_3608)
FN:38,(anonymous_3609)
FN:38,(anonymous_3610)
FN:38,n
FN:38,(anonymous_3612)
FN:38,(anonymous_3613)
FN:38,(anonymous_3614)
FN:38,i
FN:38,(anonymous_3616)
FN:38,(anonymous_3617)
FN:38,(anonymous_3618)
FN:38,(anonymous_3619)
FN:38,(anonymous_3620)
FN:38,(anonymous_3621)
FN:38,(anonymous_3622)
FN:38,(anonymous_3623)
FN:38,(anonymous_3624)
FN:38,(anonymous_3625)
FN:38,(anonymous_3626)
FN:38,(anonymous_3627)
FN:38,(anonymous_3628)
FN:38,(anonymous_3629)
FN:38,(anonymous_3630)
FN:38,(anonymous_3631)
FN:38,(anonymous_3632)
FN:38,(anonymous_3633)
FN:38,(anonymous_3634)
FN:38,(anonymous_3635)
FN:38,(anonymous_3636)
FN:38,(anonymous_3637)
FN:38,(anonymous_3638)
FN:38,(anonymous_3639)
FN:38,(anonymous_3640)
FN:38,(anonymous_3641)
FN:38,(anonymous_3642)
FN:38,(anonymous_3643)
FN:38,(anonymous_3644)
FN:38,(anonymous_3645)
FN:38,(anonymous_3646)
FN:38,(anonymous_3647)
FN:38,(anonymous_3648)
FN:38,(anonymous_3649)
FN:38,(anonymous_3650)
FN:38,(anonymous_3651)
FN:38,(anonymous_3652)
FN:38,(anonymous_3653)
FN:38,(anonymous_3654)
FN:38,(anonymous_3655)
FN:38,(anonymous_3656)
FN:38,(anonymous_3657)
FN:38,(anonymous_3658)
FN:38,(anonymous_3659)
FN:38,(anonymous_3660)
FN:38,(anonymous_3661)
FN:38,(anonymous_3662)
FN:38,(anonymous_3663)
FN:38,(anonymous_3664)
FN:38,(anonymous_3665)
FN:38,(anonymous_3666)
FN:38,(anonymous_3667)
FN:38,(anonymous_3668)
FN:38,(anonymous_3669)
FN:38,(anonymous_3670)
FN:38,(anonymous_3671)
FN:38,(anonymous_3672)
FN:38,(anonymous_3673)
FN:38,(anonymous_3674)
FN:38,(anonymous_3675)
[...]
BRDA:38,5346,1,0
BRDA:38,5346,2,0
BRDA:38,5347,0,0
BRDA:38,5347,1,0
BRDA:38,5348,0,0
BRDA:38,5348,1,0
BRDA:38,5349,0,0
BRDA:38,5349,1,0
BRDA:38,5350,0,0
BRDA:38,5350,1,0
BRDA:38,5351,0,0
BRDA:38,5351,1,0
BRDA:38,5352,0,0
BRDA:38,5352,1,0
BRDA:38,5353,0,0
BRDA:38,5353,1,0
BRDA:38,5354,0,0
BRDA:38,5354,1,0
BRDA:38,5355,0,0
BRDA:38,5355,1,0
BRDA:38,5355,2,0
BRDA:38,5356,0,0
BRDA:38,5356,1,0
BRDA:38,5356,2,0
BRDA:38,5357,0,0
BRDA:38,5357,1,0
BRDA:38,5358,0,0
BRDA:38,5358,1,0
BRDA:38,5359,0,0
BRDA:38,5359,1,0
BRDA:38,5360,0,0
BRDA:38,5360,1,0
BRDA:38,5361,0,0
BRDA:38,5361,1,0
BRDA:38,5362,0,0
BRDA:38,5362,1,0
BRDA:38,5363,0,0
BRDA:38,5363,1,0
BRDA:38,5364,0,0
BRDA:38,5364,1,0
BRDA:38,5365,0,0
BRDA:38,5365,1,0
BRDA:38,5366,0,0
BRDA:38,5366,1,0
BRDA:38,5367,0,0
BRDA:38,5367,1,0
BRDA:38,5368,0,0
BRDA:38,5368,1,0
BRDA:38,5369,0,0
BRDA:38,5369,1,0
BRDA:38,5369,2,0
BRDA:38,5370,0,0
BRDA:38,5370,1,0
BRDA:38,5371,0,0
BRDA:38,5371,1,0
BRDA:38,5372,0,0
BRDA:38,5372,1,0
BRDA:38,5373,0,0
BRDA:38,5373,1,0
BRDA:38,5374,0,0
BRDA:38,5374,1,0
BRDA:38,5375,0,0
BRDA:38,5375,1,0
BRDA:38,5376,0,0
BRDA:38,5376,1,0
BRDA:38,5377,0,0
BRDA:38,5377,1,0
BRDA:38,5378,0,0
BRDA:38,5378,1,0
BRDA:38,5379,0,0
BRDA:38,5379,1,0
BRDA:38,5380,0,0
BRDA:38,5380,1,0
BRDA:38,5381,0,0
BRDA:38,5381,1,0
BRDA:38,5382,0,0
BRDA:38,5382,1,0
BRDA:38,5383,0,0
BRDA:38,5383,1,0
BRDA:38,5384,0,0
BRDA:38,5384,1,0
BRDA:38,5385,0,0
BRDA:38,5385,1,0
BRDA:38,5386,0,0
BRDA:38,5386,1,0
BRDA:38,5387,0,0
BRDA:38,5387,1,0
BRDA:38,5388,0,0
BRDA:38,5388,1,0
BRDA:38,5389,0,0
BRDA:38,5389,1,0
BRDA:38,5390,0,0
BRDA:38,5390,1,0
BRDA:38,5391,0,0
BRDA:38,5391,1,0
BRDA:38,5392,0,0
BRDA:38,5392,1,0
BRDA:38,5393,0,0
BRDA:38,5393,1,0
BRDA:38,5394,0,0
BRDA:38,5394,1,0
BRDA:38,5395,0,0
BRDA:38,5395,1,0
BRDA:38,5396,0,0
BRDA:38,5396,1,0
BRDA:38,5397,0,0
BRDA:38,5397,1,0
BRDA:38,5397,2,0
BRDA:38,5398,0,0
BRDA:38,5398,1,0
BRDA:38,5399,0,0
BRDA:38,5399,1,0
BRDA:38,5400,0,0
BRDA:38,5400,1,0
BRDA:38,5401,0,0
BRDA:38,5401,1,0
BRDA:38,5402,0,0
BRDA:38,5402,1,0
BRDA:38,5403,0,0
BRDA:38,5403,1,0
BRDA:38,5404,0,0
BRDA:38,5404,1,0
BRDA:38,5405,0,0
BRDA:38,5405,1,0
BRDA:38,5406,0,0
BRDA:38,5406,1,0
BRDA:38,5407,0,0
BRDA:38,5407,1,0
BRDA:38,5408,0,0
BRDA:38,5408,1,0
BRDA:38,5409,0,0
BRDA:38,5409,1,0
BRDA:38,5410,0,0
BRDA:38,5410,1,0
BRDA:38,5410,2,0
BRDA:38,5411,0,0
BRDA:38,5411,1,0
BRDA:38,5412,0,0
BRDA:38,5412,1,0
BRDA:38,5413,0,0
BRDA:38,5413,1,0
BRDA:38,5414,0,0
BRDA:38,5414,1,0
BRDA:38,5414,2,0
BRDA:38,5414,3,0
BRDA:38,5414,4,0
BRDA:38,5414,5,0
BRDA:38,5415,0,0
BRDA:38,5415,1,0
BRDA:38,5416,0,0
BRDA:38,5416,1,0
BRDA:38,5417,0,0
BRDA:38,5417,1,0
BRDA:38,5418,0,0
BRDA:38,5418,1,0
BRDA:38,5419,0,0
BRDA:38,5419,1,0
BRDA:38,5420,0,0
BRDA:38,5420,1,0
BRDA:38,5421,0,0
BRDA:38,5421,1,0
BRDA:38,5422,0,0
BRDA:38,5422,1,0
BRDA:38,5423,0,0
BRDA:38,5423,1,0
BRDA:38,5424,0,0
BRDA:38,5424,1,0
BRDA:38,5425,0,0
BRDA:38,5425,1,0
BRDA:38,5426,0,0
BRDA:38,5426,1,0
BRDA:38,5427,0,0
BRDA:38,5427,1,0
BRDA:38,5428,0,0
BRDA:38,5428,1,0
BRDA:38,5429,0,0
BRDA:38,5429,1,0
BRDA:45,5430,0,0
BRDA:45,5430,1,0
BRDA:45,5430,2,0
BRDA:45,5430,3,0
BRDA:45,5431,0,0
BRDA:45,5431,1,0
BRDA:45,5431,2,0
BRDA:45,5432,0,0
BRDA:45,5432,1,0
BRDA:45,5433,0,0
BRDA:45,5433,1,0
BRDA:45,5434,0,0
BRDA:45,5434,1,0
BRDA:45,5435,0,0
BRDA:45,5435,1,0
BRDA:45,5435,2,0
BRDA:45,5436,0,0
BRDA:45,5436,1,0
BRDA:45,5436,2,0
BRDA:45,5437,0,0
BRDA:45,5437,1,0
BRDA:45,5438,0,0
BRDA:45,5438,1,0
BRDA:45,5439,0,0
BRDA:45,5439,1,0
BRDA:45,5440,0,0
BRDA:45,5440,1,0
BRDA:45,5441,0,0
BRDA:45,5441,1,0
BRDA:45,5442,0,0
BRDA:45,5442,1,0
BRDA:45,5442,2,0
BRDA:45,5442,3,0
BRDA:45,5442,4,0
BRDA:45,5443,0,0
BRDA:45,5443,1,0
BRDA:45,5444,0,0
BRDA:45,5444,1,0
BRDA:45,5445,0,0
BRDA:45,5445,1,0
BRDA:45,5446,0,0
BRDA:45,5446,1,0
BRDA:45,5447,0,0
BRDA:45,5447,1,0
BRDA:45,5448,0,0
BRDA:45,5448,1,0
BRDA:45,5449,0,0
BRDA:45,5449,1,0
BRDA:45,5450,0,0
BRDA:45,5450,1,0
BRDA:45,5451,0,0
BRDA:45,5451,1,0
BRDA:45,5452,0,0
BRDA:45,5452,1,0
BRDA:45,5453,0,0
BRDA:45,5453,1,0
BRDA:45,5453,2,0
BRDA:45,5453,3,0
BRDA:45,5454,0,0
BRDA:45,5454,1,0
BRDA:45,5455,0,0
BRDA:45,5455,1,0
BRDA:45,5456,0,0
BRDA:45,5456,1,0
BRDA:45,5457,0,0
BRDA:45,5457,1,0
BRDA:45,5458,0,0
BRDA:45,5458,1,0
BRDA:45,5459,0,0
BRDA:45,5459,1,0
BRDA:45,5460,0,0
BRDA:45,5460,1,0
BRDA:45,5460,2,0
BRDA:45,5460,3,0
BRDA:45,5461,0,0
BRDA:45,5461,1,0
BRDA:45,5462,0,0
BRDA:45,5462,1,0
BRDA:45,5462,2,0
BRDA:45,5463,0,0
BRDA:45,5463,1,0
BRDA:45,5464,0,0
BRDA:45,5464,1,0
BRDA:45,5465,0,0
BRDA:45,5465,1,0
BRDA:45,5466,0,0
BRDA:45,5466,1,0
BRDA:45,5467,0,0
BRDA:45,5467,1,0
BRDA:45,5468,0,0
BRDA:45,5468,1,0
BRDA:45,5469,0,0
BRDA:45,5469,1,0
BRDA:45,5469,2,0
BRDA:45,5470,0,0
BRDA:45,5470,1,0
BRDA:45,5470,2,0
BRDA:45,5470,3,0
BRDA:45,5470,4,0
BRDA:45,5471,0,0
BRDA:45,5471,1,0
BRDA:45,5472,0,0
BRDA:45,5472,1,0
BRDA:45,5473,0,0
BRDA:45,5473,1,0
BRDA:45,5474,0,0
BRDA:45,5474,1,0
BRDA:45,5475,0,0
BRDA:45,5475,1,0
BRDA:45,5476,0,0
BRDA:45,5476,1,0
BRDA:45,5477,0,0
BRDA:45,5477,1,0
BRDA:45,5478,0,0
BRDA:45,5478,1,0
BRDA:45,5479,0,0
BRDA:45,5479,1,0
BRDA:45,5480,0,0
BRDA:45,5480,1,0
BRDA:45,5481,0,0
BRDA:45,5481,1,0
BRDA:45,5482,0,0
BRDA:45,5482,1,0
BRDA:45,5483,0,0
BRDA:45,5483,1,0
BRDA:45,5484,0,0
BRDA:45,5484,1,0
BRDA:45,5485,0,0
BRDA:45,5485,1,0
BRDA:45,5486,0,0
BRDA:45,5486,1,0
BRDA:45,5487,0,0
BRDA:45,5487,1,0
BRDA:45,5488,0,0
BRDA:45,5488,1,0
BRDA:45,5489,0,0
BRDA:45,5489,1,0
BRDA:45,5490,0,0
BRDA:45,5490,1,0
BRDA:45,5491,0,0
BRDA:45,5491,1,0
BRDA:45,5492,0,0
BRDA:45,5492,1,0
BRDA:45,5493,0,0
BRDA:45,5493,1,0
BRDA:45,5494,0,0
BRDA:45,5494,1,0
BRDA:45,5495,0,0
BRDA:45,5495,1,0
BRDA:45,5496,0,0
BRDA:45,5496,1,0
BRDA:45,5497,0,0
BRDA:45,5497,1,0
BRDA:45,5498,0,0
BRDA:45,5498,1,0
BRDA:45,5499,0,0
BRDA:45,5499,1,0
BRDA:45,5500,0,0
BRDA:45,5500,1,0
BRDA:45,5500,2,0
BRDA:45,5501,0,0
BRDA:45,5501,1,0
BRDA:45,5501,2,0
BRDA:45,5502,0,0
BRDA:45,5502,1,0
BRDA:45,5503,0,0
BRDA:45,5503,1,0
BRDA:45,5504,0,0
BRDA:45,5504,1,0
BRDA:45,5505,0,0
BRDA:45,5505,1,0
BRDA:45,5506,0,0
BRDA:45,5506,1,0
BRDA:45,5507,0,0
BRDA:45,5507,1,0
BRDA:45,5508,0,0
BRDA:45,5508,1,0
BRDA:45,5509,0,0
BRDA:45,5509,1,0
BRDA:45,5510,0,0
BRDA:45,5510,1,0
BRDA:45,5511,0,0
BRDA:45,5511,1,0
BRDA:45,5512,0,0
BRDA:45,5512,1,0
BRDA:45,5513,0,0
BRDA:45,5513,1,0
BRDA:45,5514,0,0
BRDA:45,5514,1,0
BRDA:45,5515,0,0
BRDA:45,5515,1,0
BRDA:45,5516,0,0
BRDA:45,5516,1,0
BRDA:45,5516,2,0
BRDA:45,5517,0,0
BRDA:45,5517,1,0
BRDA:45,5518,0,0
BRDA:45,5518,1,0
BRDA:45,5519,0,0
BRDA:45,5519,1,0
BRDA:45,5520,0,0
BRDA:45,5520,1,0
BRDA:45,5521,0,0
BRDA:45,5521,1,0
BRDA:45,5522,0,0
BRDA:45,5522,1,0
BRDA:45,5523,0,0
BRDA:45,5523,1,0
BRDA:45,5524,0,0
BRDA:45,5524,1,0
BRDA:45,5525,0,0
BRDA:45,5525,1,0
BRDA:45,5526,0,0
BRDA:45,5526,1,0
BRDA:45,5526,2,0
BRDA:45,5526,3,0
BRDA:45,5526,4,0
BRDA:45,5526,5,0
BRDA:45,5527,0,0
BRDA:45,5527,1,0
BRDA:45,5528,0,0
BRDA:45,5528,1,0
BRDA:45,5529,0,0
BRDA:45,5529,1,0
BRDA:45,5530,0,0
BRDA:45,5530,1,0
BRDA:45,5531,0,0
BRDA:45,5531,1,0
BRDA:45,5532,0,0
BRDA:45,5532,1,0
BRDA:45,5533,0,0
BRDA:45,5533,1,0
BRDA:45,5534,0,0
BRDA:45,5534,1,0
BRDA:45,5535,0,0
BRDA:45,5535,1,0
BRDA:45,5536,0,0
BRDA:45,5536,1,0
BRDA:45,5537,0,0
BRDA:45,5537,1,0
BRDA:45,5538,0,0
BRDA:45,5538,1,0
BRDA:45,5539,0,0
BRDA:45,5539,1,0
BRDA:45,5540,0,0
BRDA:45,5540,1,0
BRDA:45,5541,0,0
BRDA:45,5541,1,0
BRDA:45,5542,0,0
BRDA:45,5542,1,0
BRDA:45,5542,2,0
BRDA:45,5543,0,0
BRDA:45,5543,1,0
BRDA:45,5543,2,0
BRDA:45,5544,0,0
BRDA:45,5544,1,0
BRDA:45,5544,2,0
BRDA:45,5544,3,0
BRDA:45,5544,4,0
BRDA:45,5544,5,0
BRDA:45,5544,6,0
BRDA:45,5545,0,0
BRDA:45,5545,1,0
BRDA:45,5546,0,0
BRDA:45,5546,1,0
BRDA:45,5547,0,0
BRDA:45,5547,1,0
BRDA:45,5548,0,0
BRDA:45,5548,1,0
BRDA:45,5549,0,0
BRDA:45,5549,1,0
BRDA:45,5550,0,0
BRDA:45,5550,1,0
BRDA:45,5551,0,0
BRDA:45,5551,1,0
BRDA:45,5552,0,0
BRDA:45,5552,1,0
BRDA:45,5553,0,0
BRDA:45,5553,1,0
BRDA:45,5554,0,0
BRDA:45,5554,1,0
BRDA:45,5555,0,0
BRDA:45,5555,1,0
BRDA:45,5556,0,0
BRDA:45,5556,1,0
BRDA:45,5557,0,0
BRDA:45,5557,1,0
BRDA:45,5558,0,0
BRDA:45,5558,1,0
BRDA:45,5558,2,0
BRDA:45,5559,0,0
BRDA:45,5559,1,0
BRDA:45,5559,2,0
BRDA:45,5560,0,0
BRDA:45,5560,1,0
BRDA:45,5561,0,0
BRDA:45,5561,1,0
BRDA:45,5562,0,0
BRDA:45,5562,1,0
BRDA:45,5563,0,0
BRDA:45,5563,1,0
BRDA:45,5564,0,0
BRDA:45,5564,1,0
BRDA:45,5565,0,0
BRDA:45,5565,1,0
BRDA:45,5566,0,0
BRDA:45,5566,1,0
BRDA:45,5567,0,0
BRDA:45,5567,1,0
BRDA:45,5568,0,0
BRDA:45,5568,1,0
BRDA:45,5569,0,0
BRDA:45,5569,1,0
BRDA:45,5570,0,0
BRDA:45,5570,1,0
BRDA:45,5571,0,0
BRDA:45,5571,1,0
BRDA:45,5572,0,0
BRDA:45,5572,1,0
BRDA:45,5573,0,0
BRDA:45,5573,1,0
BRDA:45,5574,0,0
BRDA:45,5574,1,0
BRDA:45,5575,0,0
BRDA:45,5575,1,0
BRDA:45,5576,0,0
BRDA:45,5576,1,0
BRDA:45,5577,0,0
BRDA:45,5577,1,0
BRDA:45,5578,0,0
BRDA:45,5578,1,0
BRDA:45,5579,0,0
BRDA:45,5579,1,0
BRDA:45,5580,0,0
BRDA:45,5580,1,0
BRDA:45,5581,0,0
BRDA:45,5581,1,0
BRDA:45,5582,0,0
BRDA:45,5582,1,0
BRDA:45,5583,0,0
BRDA:45,5583,1,0
BRDA:45,5583,2,0
BRDA:45,5584,0,0
BRDA:45,5584,1,0
BRDA:45,5585,0,0
BRDA:45,5585,1,0
BRDA:45,5586,0,0
BRDA:45,5586,1,0
BRDA:45,5587,0,0
BRDA:45,5587,1,0
BRDA:45,5588,0,0
BRDA:45,5588,1,0
BRDA:45,5589,0,0
BRDA:45,5589,1,0
BRDA:45,5590,0,0
BRDA:45,5590,1,0
BRDA:45,5591,0,0
BRDA:45,5591,1,0
BRDA:45,5592,0,0
BRDA:45,5592,1,0
BRDA:45,5593,0,0
BRDA:45,5593,1,0
BRDA:45,5594,0,0
BRDA:45,5594,1,0
BRDA:45,5595,0,0
BRDA:45,5595,1,0
BRDA:45,5595,2,0
BRDA:45,5596,0,0
BRDA:45,5596,1,0
BRDA:45,5597,0,0
BRDA:45,5597,1,0
BRDA:45,5598,0,0
BRDA:45,5598,1,0
BRDA:45,5599,0,0
BRDA:45,5599,1,0
BRDA:45,5600,0,0
BRDA:45,5600,1,0
BRDA:70,5601,0,0
BRDA:70,5601,1,0
BRDA:70,5601,2,0
BRDA:70,5602,0,0
BRDA:70,5602,1,0
BRDA:70,5603,0,0
BRDA:70,5603,1,0
BRDA:70,5604,0,0
BRDA:70,5604,1,0
BRDA:70,5605,0,0
BRDA:70,5605,1,0
BRDA:70,5606,0,0
BRDA:70,5606,1,0
BRDA:70,5607,0,0
BRDA:70,5607,1,0
BRDA:70,5608,0,0
BRDA:70,5608,1,0
BRDA:70,5609,0,0
BRDA:70,5609,1,0
BRDA:70,5610,0,0
BRDA:70,5610,1,0
BRDA:70,5611,0,0
BRDA:70,5611,1,0
BRDA:70,5612,0,0
BRDA:70,5612,1,0
BRDA:70,5613,0,0
BRDA:70,5613,1,0
BRDA:70,5614,0,0
BRDA:70,5614,1,0
BRDA:70,5614,2,0
BRDA:70,5615,0,0
BRDA:70,5615,1,0
BRDA:70,5616,0,0
BRDA:70,5616,1,0
BRDA:70,5617,0,0
BRDA:70,5617,1,0
BRDA:70,5618,0,0
BRDA:70,5618,1,0
BRDA:70,5619,0,0
BRDA:70,5619,1,0
BRDA:70,5620,0,0
BRDA:70,5620,1,0
BRDA:70,5621,0,0
BRDA:70,5621,1,0
BRDA:70,5622,0,0
BRDA:70,5622,1,0
BRDA:70,5623,0,0
BRDA:70,5623,1,0
BRDA:70,5624,0,0
BRDA:70,5624,1,0
BRDA:70,5625,0,0
BRDA:70,5625,1,0
BRDA:70,5626,0,0
BRDA:70,5626,1,0
BRDA:70,5627,0,0
BRDA:70,5627,1,0
BRDA:70,5628,0,0
BRDA:70,5628,1,0
BRDA:70,5629,0,0
BRDA:70,5629,1,0
BRDA:70,5630,0,0
BRDA:70,5630,1,0
BRDA:70,5630,2,0
BRDA:70,5631,0,0
BRDA:70,5631,1,0
BRDA:70,5632,0,0
BRDA:70,5632,1,0
BRDA:70,5633,0,0
BRDA:70,5633,1,0
BRDA:70,5634,0,0
BRDA:70,5634,1,0
BRDA:70,5634,2,0
BRDA:70,5635,0,0
BRDA:70,5635,1,0
BRDA:70,5636,0,0
BRDA:70,5636,1,0
BRDA:70,5637,0,0
BRDA:70,5637,1,0
BRDA:70,5637,2,0
BRDA:70,5637,3,0
BRDA:70,5638,0,0
BRDA:70,5638,1,0
BRDA:70,5639,0,0
BRDA:70,5639,1,0
BRDA:70,5640,0,0
BRDA:70,5640,1,0
BRDA:70,5641,0,0
BRDA:70,5641,1,0
BRDA:70,5641,2,0
BRDA:70,5642,0,0
BRDA:70,5642,1,0
BRDA:70,5643,0,0
BRDA:70,5643,1,0
BRDA:70,5644,0,0
BRDA:70,5644,1,0
BRDA:70,5645,0,0
BRDA:70,5645,1,0
BRDA:70,5646,0,0
BRDA:70,5646,1,0
BRDA:70,5647,0,0
BRDA:70,5647,1,0
BRDA:70,5648,0,0
BRDA:70,5648,1,0
BRDA:70,5649,0,0
BRDA:70,5649,1,0
BRDA:70,5650,0,0
BRDA:70,5650,1,0
BRDA:70,5650,2,0
BRDA:70,5651,0,0
BRDA:70,5651,1,0
BRDA:70,5652,0,0
BRDA:70,5652,1,0
BRDA:70,5653,0,0
BRDA:70,5653,1,0
BRDA:70,5654,0,0
BRDA:70,5654,1,0
BRDA:70,5655,0,0
BRDA:70,5655,1,0
BRDA:70,5656,0,0
BRDA:70,5656,1,0
BRDA:70,5657,0,0
BRDA:70,5657,1,0
BRDA:70,5658,0,0
BRDA:70,5658,1,0
BRDA:70,5659,0,0
BRDA:70,5659,1,0
BRDA:70,5660,0,0
BRDA:70,5660,1,0
BRDA:70,5661,0,0
BRDA:70,5661,1,0
BRDA:70,5662,0,0
BRDA:70,5662,1,0
BRDA:70,5663,0,0
BRDA:70,5663,1,0
BRDA:70,5664,0,0
BRDA:70,5664,1,0
BRDA:70,5665,0,0
BRDA:70,5665,1,0
BRDA:70,5666,0,0
BRDA:70,5666,1,0
BRDA:70,5667,0,0
BRDA:70,5667,1,0
BRDA:70,5668,0,0
BRDA:70,5668,1,0
BRDA:70,5668,2,0
BRDA:70,5669,0,0
BRDA:70,5669,1,0
BRDA:70,5669,2,0
BRDA:70,5670,0,0
BRDA:70,5670,1,0
BRDA:70,5671,0,0
BRDA:70,5671,1,0
BRDA:70,5672,0,0
BRDA:70,5672,1,0
BRDA:70,5672,2,0
BRDA:70,5673,0,0
BRDA:70,5673,1,0
BRDA:70,5673,2,0
BRDA:70,5674,0,0
BRDA:70,5674,1,0
BRDA:70,5675,0,0
BRDA:70,5675,1,0
BRDA:70,5676,0,0
BRDA:70,5676,1,0
BRDA:70,5677,0,0
BRDA:70,5677,1,0
BRDA:70,5678,0,0
BRDA:70,5678,1,0
BRDA:70,5679,0,0
BRDA:70,5679,1,0
BRDA:70,5680,0,0
BRDA:70,5680,1,0
BRDA:70,5680,2,0
BRDA:70,5681,0,0
BRDA:70,5681,1,0
BRDA:70,5682,0,0
BRDA:70,5682,1,0
BRDA:70,5683,0,0
BRDA:70,5683,1,0
BRDA:70,5684,0,0
BRDA:70,5684,1,0
BRDA:70,5685,0,0
BRDA:70,5685,1,0
BRDA:70,5686,0,0
BRDA:70,5686,1,0
BRDA:70,5687,0,0
BRDA:70,5687,1,0
BRDA:70,5688,0,0
BRDA:70,5688,1,0
BRDA:70,5689,0,0
BRDA:70,5689,1,0
BRDA:70,5690,0,0
BRDA:70,5690,1,0
BRDA:70,5690,2,0
BRDA:70,5691,0,0
BRDA:70,5691,1,0
BRDA:70,5692,0,0
BRDA:70,5692,1,0
BRDA:70,5693,0,0
BRDA:70,5693,1,0
BRDA:70,5693,2,0
BRDA:70,5694,0,0
BRDA:70,5694,1,0
BRDA:70,5695,0,0
BRDA:70,5695,1,0
BRDA:70,5696,0,0
BRDA:70,5696,1,0
BRDA:70,5697,0,0
BRDA:70,5697,1,0
BRDA:70,5698,0,0
BRDA:70,5698,1,0
BRDA:70,5699,0,0
BRDA:70,5699,1,0
BRDA:70,5700,0,0
BRDA:70,5700,1,0
BRDA:70,5701,0,0
BRDA:70,5701,1,0
BRDA:70,5702,0,0
BRDA:70,5702,1,0
BRDA:70,5703,0,0
BRDA:70,5703,1,0
BRDA:70,5704,0,0
BRDA:70,5704,1,0
BRDA:70,5705,0,0
BRDA:70,5705,1,0
BRDA:70,5706,0,0
BRDA:70,5706,1,0
BRDA:70,5707,0,0
BRDA:70,5707,1,0
BRDA:70,5708,0,0
BRDA:70,5708,1,0
BRDA:70,5709,0,0
BRDA:70,5709,1,0
BRDA:70,5710,0,0
BRDA:70,5710,1,0
BRDA:70,5711,0,0
BRDA:70,5711,1,0
BRDA:70,5712,0,0
BRDA:70,5712,1,0
BRDA:70,5713,0,0
BRDA:70,5713,1,0
BRDA:70,5714,0,0
BRDA:70,5714,1,0
BRDA:70,5715,0,0
BRDA:70,5715,1,0
BRDA:70,5716,0,0
BRDA:70,5716,1,0
BRDA:70,5717,0,0
BRDA:70,5717,1,0
BRDA:70,5718,0,0
BRDA:70,5718,1,0
BRDA:70,5719,0,0
BRDA:70,5719,1,0
BRDA:70,5720,0,0
BRDA:70,5720,1,0
BRDA:70,5721,0,0
BRDA:70,5721,1,0
BRDA:70,5722,0,0
BRDA:70,5722,1,0
BRDA:70,5723,0,0
BRDA:70,5723,1,0
BRDA:70,5724,0,0
BRDA:70,5724,1,0
BRDA:70,5725,0,0
BRDA:70,5725,1,0
BRDA:70,5726,0,0
BRDA:70,5726,1,0
BRDA:70,5727,0,0
BRDA:70,5727,1,0
BRDA:70,5728,0,0
BRDA:70,5728,1,0
BRDA:70,5729,0,0
BRDA:70,5729,1,0
BRDA:70,5730,0,0
BRDA:70,5730,1,0
BRDA:70,5731,0,0
BRDA:70,5731,1,0
BRDA:70,5732,0,0
BRDA:70,5732,1,0
BRDA:70,5733,0,0
BRDA:70,5733,1,0
BRDA:70,5733,2,0
BRDA:70,5734,0,0
BRDA:70,5734,1,0
BRDA:70,5735,0,0
BRDA:70,5735,1,0
BRDA:70,5736,0,0
BRDA:70,5736,1,0
BRDA:70,5737,0,0
BRDA:70,5737,1,0
BRDA:70,5738,0,0
BRDA:70,5738,1,0
BRDA:70,5739,0,0
BRDA:70,5739,1,0
BRDA:70,5740,0,0
BRDA:70,5740,1,0
BRDA:70,5741,0,0
BRDA:70,5741,1,0
BRDA:70,5742,0,0
BRDA:70,5742,1,0
BRDA:70,5743,0,0
BRDA:70,5743,1,0
BRDA:70,5744,0,0
BRDA:70,5744,1,0
BRDA:70,5745,0,0
BRDA:70,5745,1,0
BRDA:70,5746,0,0
BRDA:70,5746,1,0
BRDA:70,5747,0,0
BRDA:70,5747,1,0
BRDA:70,5747,2,0
BRDA:70,5748,0,0
BRDA:70,5748,1,0
BRDA:70,5748,2,0
BRDA:70,5749,0,0
BRDA:70,5749,1,0
BRDA:70,5750,0,0
BRDA:70,5750,1,0
BRDA:70,5750,2,0
BRDA:70,5751,0,0
BRDA:70,5751,1,0
BRDA:70,5752,0,0
BRDA:70,5752,1,0
BRDA:70,5753,0,0
BRDA:70,5753,1,0
BRDA:70,5754,0,0
BRDA:70,5754,1,0
BRDA:70,5755,0,0
BRDA:70,5755,1,0
BRDA:70,5755,2,0
BRDA:70,5756,0,0
BRDA:70,5756,1,0
BRDA:70,5757,0,0
BRDA:70,5757,1,0
BRDA:70,5758,0,0
BRDA:70,5758,1,0
BRDA:70,5758,2,0
BRDA:70,5759,0,0
BRDA:70,5759,1,0
BRDA:70,5760,0,0
BRDA:70,5760,1,0
BRDA:70,5761,0,0
BRDA:70,5761,1,0
BRDA:70,5762,0,0
BRDA:70,5762,1,0
BRDA:70,5763,0,0
BRDA:70,5763,1,0
BRDA:70,5764,0,0
BRDA:70,5764,1,0
BRDA:70,5765,0,0
BRDA:70,5765,1,0
BRDA:70,5766,0,0
BRDA:70,5766,1,0
BRDA:70,5767,0,0
BRDA:70,5767,1,0
BRDA:70,5768,0,0
BRDA:70,5768,1,0
BRDA:70,5769,0,0
BRDA:70,5769,1,0
BRDA:70,5770,0,0
BRDA:70,5770,1,0
BRDA:70,5771,0,0
BRDA:70,5771,1,0
BRDA:70,5772,0,0
BRDA:70,5772,1,0
BRDA:70,5773,0,0
BRDA:70,5773,1,0
BRDA:70,5774,0,0
BRDA:70,5774,1,0
BRDA:70,5774,2,0
BRDA:70,5775,0,0
BRDA:70,5775,1,0
BRDA:70,5776,0,0
BRDA:70,5776,1,0
BRDA:70,5777,0,0
BRDA:70,5777,1,0
BRDA:70,5778,0,0
BRDA:70,5778,1,0
BRDA:70,5779,0,0
BRDA:70,5779,1,0
BRDA:70,5780,0,0
BRDA:70,5780,1,0
BRDA:70,5781,0,0
BRDA:70,5781,1,0
BRDA:70,5782,0,0
BRDA:70,5782,1,0
BRDA:70,5783,0,0
BRDA:70,5783,1,0
BRDA:70,5784,0,0
BRDA:70,5784,1,0
BRDA:70,5785,0,0
BRDA:70,5785,1,0
BRDA:70,5786,0,0
BRDA:70,5786,1,0
BRDA:70,5787,0,0
BRDA:70,5787,1,0
BRDA:70,5788,0,0
BRDA:70,5788,1,0
BRDA:70,5788,2,0
BRDA:70,5789,0,0
BRDA:70,5789,1,0
BRDA:70,5790,0,0
BRDA:70,5790,1,0
BRDA:70,5791,0,0
BRDA:70,5791,1,0
BRDA:70,5792,0,0
BRDA:70,5792,1,0
BRDA:70,5793,0,0
BRDA:70,5793,1,0
BRDA:70,5794,0,0
BRDA:70,5794,1,0
BRDA:70,5794,2,0
BRDA:70,5794,3,0
BRDA:70,5795,0,0
BRDA:70,5795,1,0
BRDA:70,5796,0,0
BRDA:70,5796,1,0
BRDA:70,5797,0,0
BRDA:70,5797,1,0
BRDA:70,5797,2,0
BRDA:70,5797,3,0
BRDA:70,5797,4,0
BRDA:70,5797,5,0
BRDA:70,5797,6,0
BRDA:70,5797,7,0
BRDA:70,5798,0,0
BRDA:70,5798,1,0
BRDA:70,5798,2,0
BRDA:70,5798,3,0
BRDA:70,5798,4,0
BRDA:70,5798,5,0
BRDA:70,5798,6,0
BRDA:70,5798,7,0
BRDA:70,5799,0,0
BRDA:70,5799,1,0
BRDA:70,5799,2,0
BRDA:70,5799,3,0
BRDA:70,5799,4,0
BRDA:70,5799,5,0
BRDA:70,5799,6,0
BRDA:70,5799,7,0
BRDA:70,5799,8,0
BRDA:70,5799,9,0
BRDA:70,5799,10,0
BRDA:70,5799,11,0
BRDA:70,5799,12,0
BRDA:70,5800,0,0
BRDA:70,5800,1,0
BRDA:70,5800,2,0
BRDA:70,5800,3,0
BRDA:70,5800,4,0
BRDA:70,5800,5,0
BRDA:70,5800,6,0
BRDA:70,5800,7,0
BRDA:70,5800,8,0
BRDA:70,5800,9,0
BRDA:70,5800,10,0
BRDA:70,5800,11,0
BRDA:70,5800,12,0
BRDA:70,5801,0,0
BRDA:70,5801,1,0
BRDA:70,5802,0,0
BRDA:70,5802,1,0
BRDA:70,5802,2,0
BRDA:70,5802,3,0
BRDA:70,5803,0,0
BRDA:70,5803,1,0
BRDA:70,5803,2,0
BRDA:70,5804,0,0
BRDA:70,5804,1,0
BRDA:70,5805,0,0
BRDA:70,5805,1,0
BRDA:70,5806,0,0
BRDA:70,5806,1,0
BRDA:70,5807,0,0
BRDA:70,5807,1,0
BRDA:70,5808,0,0
BRDA:70,5808,1,0
BRDA:70,5809,0,0
BRDA:70,5809,1,0
BRDA:70,5810,0,0
BRDA:70,5810,1,0
BRDA:70,5811,0,0
BRDA:70,5811,1,0
BRDA:70,5812,0,0
BRDA:70,5812,1,0
BRDA:70,5813,0,0
BRDA:70,5813,1,0
BRDA:70,5813,2,0
BRDA:70,5813,3,0
BRDA:70,5814,0,0
BRDA:70,5814,1,0
BRDA:70,5815,0,0
BRDA:70,5815,1,0
BRDA:70,5816,0,0
BRDA:70,5816,1,0
BRDA:70,5817,0,0
BRDA:70,5817,1,0
BRDA:70,5818,0,0
BRDA:70,5818,1,0
BRDA:70,5819,0,0
BRDA:70,5819,1,0
BRDA:70,5819,2,0
BRDA:70,5820,0,0
BRDA:70,5820,1,0
BRDA:70,5821,0,0
BRDA:70,5821,1,0
BRDA:70,5822,0,0
BRDA:70,5822,1,0
BRDA:70,5823,0,0
BRDA:70,5823,1,0
BRDA:70,5824,0,0
BRDA:70,5824,1,0
BRDA:70,5825,0,0
BRDA:70,5825,1,0
BRDA:70,5826,0,0
BRDA:70,5826,1,0
BRDA:70,5827,0,0
BRDA:70,5827,1,0
BRDA:70,5828,0,0
BRDA:70,5828,1,0
BRDA:70,5829,0,0
BRDA:70,5829,1,0
BRDA:70,5830,0,0
BRDA:70,5830,1,0
BRDA:70,5831,0,0
BRDA:70,5831,1,0
BRDA:70,5832,0,0
BRDA:70,5832,1,0
BRDA:70,5833,0,0
BRDA:70,5833,1,0
BRDA:70,5834,0,0
BRDA:70,5834,1,0
BRDA:70,5835,0,0
BRDA:70,5835,1,0
BRDA:70,5835,2,0
BRDA:70,5836,0,0
BRDA:70,5836,1,0
BRDA:70,5837,0,0
BRDA:70,5837,1,0
BRDA:70,5837,2,0
BRDA:70,5838,0,0
BRDA:70,5838,1,0
BRDA:70,5839,0,0
BRDA:70,5839,1,0
BRDA:70,5840,0,0
BRDA:70,5840,1,0
BRDA:70,5841,0,0
BRDA:70,5841,1,0
BRDA:70,5842,0,0
BRDA:70,5842,1,0
BRDA:70,5843,0,0
BRDA:70,5843,1,0
BRDA:70,5844,0,0
BRDA:70,5844,1,0
BRDA:70,5845,0,0
BRDA:70,5845,1,0
BRDA:70,5845,2,0
BRDA:70,5845,3,0
BRDA:70,5846,0,0
BRDA:70,5846,1,0
BRDA:70,5847,0,0
BRDA:70,5847,1,0
BRDA:70,5848,0,0
BRDA:70,5848,1,0
BRDA:70,5849,0,0
BRDA:70,5849,1,0
BRDA:70,5850,0,0
BRDA:70,5850,1,0
BRDA:70,5851,0,0
BRDA:70,5851,1,0
BRDA:70,5852,0,0
BRDA:70,5852,1,0
BRDA:70,5853,0,0
BRDA:70,5853,1,0
BRDA:70,5854,0,0
BRDA:70,5854,1,0
BRDA:70,5855,0,0
BRDA:70,5855,1,0
BRDA:70,5856,0,0
BRDA:70,5856,1,0
BRDA:70,5857,0,0
BRDA:70,5857,1,0
BRDA:70,5858,0,0
BRDA:70,5858,1,0
BRDA:70,5859,0,0
BRDA:70,5859,1,0
BRDA:70,5859,2,0
BRDA:70,5860,0,0
BRDA:70,5860,1,0
BRDA:70,5861,0,0
BRDA:70,5861,1,0
BRDA:70,5862,0,0
BRDA:70,5862,1,0
BRDA:70,5863,0,0
BRDA:70,5863,1,0
BRDA:70,5864,0,0
BRDA:70,5864,1,0
BRDA:70,5865,0,0
BRDA:70,5865,1,0
BRDA:70,5866,0,0
BRDA:70,5866,1,0
BRDA:70,5867,0,0
BRDA:70,5867,1,0
BRDA:70,5868,0,0
BRDA:70,5868,1,0
BRDA:70,5869,0,0
BRDA:70,5869,1,0
BRDA:70,5870,0,0
BRDA:70,5870,1,0
BRDA:70,5871,0,0
BRDA:70,5871,1,0
BRDA:70,5872,0,0
BRDA:70,5872,1,0
BRDA:70,5872,2,0
BRDA:70,5872,3,0
BRDA:70,5873,0,0
BRDA:70,5873,1,0
BRDA:70,5874,0,0
BRDA:70,5874,1,0
BRF:12866
BRH:0
end_of_record
